WARNING: System properties and/or JVM args set.  Consider using --dry-run or --exec
0    [main] INFO  org.eclipse.jetty.util.log  [   ] – Logging initialized @742ms
376  [main] INFO  org.eclipse.jetty.server.Server  [   ] – jetty-9.2.10.v20150310
411  [main] WARN  org.eclipse.jetty.server.handler.RequestLogHandler  [   ] – !RequestLog
414  [main] INFO  org.eclipse.jetty.deploy.providers.ScanningAppProvider  [   ] – Deployment monitor [file:/Users/admin/Documents/Development/Git/detective-criminal-name-search/external_packages/solr-5.2.1/server/contexts/] at interval 0
1344 [main] INFO  org.eclipse.jetty.webapp.StandardDescriptorProcessor  [   ] – NO JSP Support for /solr, did not find org.apache.jasper.servlet.JspServlet
1390 [main] WARN  org.eclipse.jetty.security.SecurityHandler  [   ] – ServletContext@o.e.j.w.WebAppContext@46d56d67{/solr,file:/Users/admin/Documents/Development/Git/detective-criminal-name-search/external_packages/solr-5.2.1/server/solr-webapp/webapp/,STARTING}{/solr.war} has uncovered http methods for path: /
1435 [main] INFO  org.apache.solr.servlet.SolrDispatchFilter  [   ] – SolrDispatchFilter.init()WebAppClassLoader=1750905143@685cb137
1472 [main] INFO  org.apache.solr.core.SolrResourceLoader  [   ] – JNDI not configured for solr (NoInitialContextEx)
1473 [main] INFO  org.apache.solr.core.SolrResourceLoader  [   ] – using system property solr.solr.home: /Users/admin/Documents/Development/Git/detective-criminal-name-search/external_packages/solr-5.2.1/server/solr
1475 [main] INFO  org.apache.solr.core.SolrResourceLoader  [   ] – new SolrResourceLoader for directory: '/Users/admin/Documents/Development/Git/detective-criminal-name-search/external_packages/solr-5.2.1/server/solr/'
1770 [main] INFO  org.apache.solr.core.SolrXmlConfig  [   ] – Loading container configuration from /Users/admin/Documents/Development/Git/detective-criminal-name-search/external_packages/solr-5.2.1/server/solr/solr.xml
2036 [main] INFO  org.apache.solr.core.CoresLocator  [   ] – Config-defined core root directory: /Users/admin/Documents/Development/Git/detective-criminal-name-search/external_packages/solr-5.2.1/server/solr
2099 [main] INFO  org.apache.solr.core.CoreContainer  [   ] – New CoreContainer 1578009262
2099 [main] INFO  org.apache.solr.core.CoreContainer  [   ] – Loading cores into CoreContainer [instanceDir=/Users/admin/Documents/Development/Git/detective-criminal-name-search/external_packages/solr-5.2.1/server/solr/]
2099 [main] INFO  org.apache.solr.core.CoreContainer  [   ] – loading shared library: /Users/admin/Documents/Development/Git/detective-criminal-name-search/external_packages/solr-5.2.1/server/solr/lib
2100 [main] WARN  org.apache.solr.core.SolrResourceLoader  [   ] – Can't find (or read) directory to add to classloader: lib (resolved as: /Users/admin/Documents/Development/Git/detective-criminal-name-search/external_packages/solr-5.2.1/server/solr/lib).
2163 [main] INFO  org.apache.solr.handler.component.HttpShardHandlerFactory  [   ] – created with socketTimeout : 600000,connTimeout : 60000,maxConnectionsPerHost : 20,maxConnections : 10000,corePoolSize : 0,maximumPoolSize : 2147483647,maxThreadIdleTime : 5,sizeOfQueue : -1,fairnessPolicy : false,useRetries : false,
2445 [main] INFO  org.apache.solr.update.UpdateShardHandler  [   ] – Creating UpdateShardHandler HTTP client with params: socketTimeout=600000&connTimeout=60000&retry=true
2448 [main] INFO  org.apache.solr.logging.LogWatcher  [   ] – SLF4J impl is org.slf4j.impl.Log4jLoggerFactory
2449 [main] INFO  org.apache.solr.logging.LogWatcher  [   ] – Registering Log Listener [Log4j (org.slf4j.impl.Log4jLoggerFactory)]
2451 [main] INFO  org.apache.solr.core.CoreContainer  [   ] – Node Name: 
2451 [main] INFO  org.apache.solr.core.CoreContainer  [   ] – No authentication plugin used.
2582 [main] INFO  org.apache.solr.core.CoresLocator  [   ] – Looking for core definitions underneath /Users/admin/Documents/Development/Git/detective-criminal-name-search/external_packages/solr-5.2.1/server/solr
2598 [main] INFO  org.apache.solr.core.CoresLocator  [   ] – Found 0 core definitions
2599 [main] INFO  org.apache.solr.servlet.SolrDispatchFilter  [   ] – user.dir=/Users/admin/Documents/Development/Git/detective-criminal-name-search/external_packages/solr-5.2.1/server
2599 [main] INFO  org.apache.solr.servlet.SolrDispatchFilter  [   ] – SolrDispatchFilter.init() done
2616 [main] INFO  org.eclipse.jetty.server.handler.ContextHandler  [   ] – Started o.e.j.w.WebAppContext@46d56d67{/solr,file:/Users/admin/Documents/Development/Git/detective-criminal-name-search/external_packages/solr-5.2.1/server/solr-webapp/webapp/,AVAILABLE}{/solr.war}
2653 [main] INFO  org.eclipse.jetty.server.ServerConnector  [   ] – Started ServerConnector@3514a4c0{HTTP/1.1}{0.0.0.0:8983}
2654 [main] INFO  org.eclipse.jetty.server.Server  [   ] – Started @3401ms
70644 [ShutdownMonitor] INFO  org.eclipse.jetty.server.ServerConnector  [   ] – Stopped ServerConnector@3514a4c0{HTTP/1.1}{0.0.0.0:8983}
70647 [ShutdownMonitor] INFO  org.apache.solr.core.CoreContainer  [   ] – Shutting down CoreContainer instance=1578009262
70657 [ShutdownMonitor] INFO  org.eclipse.jetty.server.handler.ContextHandler  [   ] – Stopped o.e.j.w.WebAppContext@46d56d67{/solr,file:/Users/admin/Documents/Development/Git/detective-criminal-name-search/external_packages/solr-5.2.1/server/solr-webapp/webapp/,UNAVAILABLE}{/solr.war}
