INFO  - 2015-07-12 02:00:38.886; [   ] org.eclipse.jetty.util.log.Log; Logging initialized @788ms
INFO  - 2015-07-12 02:00:39.244; [   ] org.eclipse.jetty.server.Server; jetty-9.2.10.v20150310
WARN  - 2015-07-12 02:00:39.274; [   ] org.eclipse.jetty.server.handler.RequestLogHandler; !RequestLog
INFO  - 2015-07-12 02:00:39.277; [   ] org.eclipse.jetty.deploy.providers.ScanningAppProvider; Deployment monitor [file:/Users/admin/Documents/Development/Git/detective-criminal-name-search/external_packages/solr-5.2.1/server/contexts/] at interval 0
INFO  - 2015-07-12 02:00:40.154; [   ] org.eclipse.jetty.webapp.StandardDescriptorProcessor; NO JSP Support for /solr, did not find org.apache.jasper.servlet.JspServlet
WARN  - 2015-07-12 02:00:40.195; [   ] org.eclipse.jetty.security.ConstraintSecurityHandler; ServletContext@o.e.j.w.WebAppContext@46d56d67{/solr,file:/Users/admin/Documents/Development/Git/detective-criminal-name-search/external_packages/solr-5.2.1/server/solr-webapp/webapp/,STARTING}{/solr.war} has uncovered http methods for path: /
INFO  - 2015-07-12 02:00:40.240; [   ] org.apache.solr.servlet.SolrDispatchFilter; SolrDispatchFilter.init()WebAppClassLoader=1750905143@685cb137
INFO  - 2015-07-12 02:00:40.269; [   ] org.apache.solr.core.SolrResourceLoader; JNDI not configured for solr (NoInitialContextEx)
INFO  - 2015-07-12 02:00:40.270; [   ] org.apache.solr.core.SolrResourceLoader; using system property solr.solr.home: /Users/admin/Documents/Development/Git/detective-criminal-name-search/external_packages/solr-5.2.1/server/solr
INFO  - 2015-07-12 02:00:40.272; [   ] org.apache.solr.core.SolrResourceLoader; new SolrResourceLoader for directory: '/Users/admin/Documents/Development/Git/detective-criminal-name-search/external_packages/solr-5.2.1/server/solr/'
INFO  - 2015-07-12 02:00:40.644; [   ] org.apache.solr.core.SolrXmlConfig; Loading container configuration from /Users/admin/Documents/Development/Git/detective-criminal-name-search/external_packages/solr-5.2.1/server/solr/solr.xml
INFO  - 2015-07-12 02:00:40.858; [   ] org.apache.solr.core.CorePropertiesLocator; Config-defined core root directory: /Users/admin/Documents/Development/Git/detective-criminal-name-search/external_packages/solr-5.2.1/server/solr
INFO  - 2015-07-12 02:00:40.916; [   ] org.apache.solr.core.CoreContainer; New CoreContainer 1578009262
INFO  - 2015-07-12 02:00:40.917; [   ] org.apache.solr.core.CoreContainer; Loading cores into CoreContainer [instanceDir=/Users/admin/Documents/Development/Git/detective-criminal-name-search/external_packages/solr-5.2.1/server/solr/]
INFO  - 2015-07-12 02:00:40.942; [   ] org.apache.solr.core.CoreContainer; loading shared library: /Users/admin/Documents/Development/Git/detective-criminal-name-search/external_packages/solr-5.2.1/server/solr/lib
WARN  - 2015-07-12 02:00:40.943; [   ] org.apache.solr.core.SolrResourceLoader; Can't find (or read) directory to add to classloader: lib (resolved as: /Users/admin/Documents/Development/Git/detective-criminal-name-search/external_packages/solr-5.2.1/server/solr/lib).
INFO  - 2015-07-12 02:00:40.981; [   ] org.apache.solr.handler.component.HttpShardHandlerFactory; created with socketTimeout : 600000,connTimeout : 60000,maxConnectionsPerHost : 20,maxConnections : 10000,corePoolSize : 0,maximumPoolSize : 2147483647,maxThreadIdleTime : 5,sizeOfQueue : -1,fairnessPolicy : false,useRetries : false,
INFO  - 2015-07-12 02:00:41.246; [   ] org.apache.solr.update.UpdateShardHandler; Creating UpdateShardHandler HTTP client with params: socketTimeout=600000&connTimeout=60000&retry=true
INFO  - 2015-07-12 02:00:41.249; [   ] org.apache.solr.logging.LogWatcher; SLF4J impl is org.slf4j.impl.Log4jLoggerFactory
INFO  - 2015-07-12 02:00:41.250; [   ] org.apache.solr.logging.LogWatcher; Registering Log Listener [Log4j (org.slf4j.impl.Log4jLoggerFactory)]
INFO  - 2015-07-12 02:00:41.251; [   ] org.apache.solr.core.CoreContainer; Node Name: 
INFO  - 2015-07-12 02:00:41.252; [   ] org.apache.solr.core.CoreContainer; No authentication plugin used.
INFO  - 2015-07-12 02:00:41.369; [   ] org.apache.solr.core.CorePropertiesLocator; Looking for core definitions underneath /Users/admin/Documents/Development/Git/detective-criminal-name-search/external_packages/solr-5.2.1/server/solr
INFO  - 2015-07-12 02:00:41.384; [   ] org.apache.solr.core.CorePropertiesLocator; Found 0 core definitions
INFO  - 2015-07-12 02:00:41.386; [   ] org.apache.solr.servlet.SolrDispatchFilter; user.dir=/Users/admin/Documents/Development/Git/detective-criminal-name-search/external_packages/solr-5.2.1/server
INFO  - 2015-07-12 02:00:41.386; [   ] org.apache.solr.servlet.SolrDispatchFilter; SolrDispatchFilter.init() done
INFO  - 2015-07-12 02:00:41.404; [   ] org.eclipse.jetty.server.handler.ContextHandler; Started o.e.j.w.WebAppContext@46d56d67{/solr,file:/Users/admin/Documents/Development/Git/detective-criminal-name-search/external_packages/solr-5.2.1/server/solr-webapp/webapp/,AVAILABLE}{/solr.war}
INFO  - 2015-07-12 02:00:41.439; [   ] org.eclipse.jetty.server.AbstractConnector; Started ServerConnector@3514a4c0{HTTP/1.1}{0.0.0.0:8984}
INFO  - 2015-07-12 02:00:41.440; [   ] org.eclipse.jetty.server.Server; Started @3345ms
INFO  - 2015-07-12 02:01:21.284; [   ] org.apache.solr.servlet.HttpSolrCall; [admin] webapp=null path=/admin/info/system params={wt=json} status=0 QTime=75 
INFO  - 2015-07-12 02:59:10.483; [   ] org.apache.solr.servlet.HttpSolrCall; [admin] webapp=null path=/admin/info/system params={wt=json} status=0 QTime=72 
