INFO  - 2015-07-12 02:01:08.693; [   ] org.eclipse.jetty.util.log.Log; Logging initialized @529ms
INFO  - 2015-07-12 02:01:08.976; [   ] org.eclipse.jetty.server.Server; jetty-9.2.10.v20150310
WARN  - 2015-07-12 02:01:09.000; [   ] org.eclipse.jetty.server.handler.RequestLogHandler; !RequestLog
INFO  - 2015-07-12 02:01:09.002; [   ] org.eclipse.jetty.deploy.providers.ScanningAppProvider; Deployment monitor [file:/Users/admin/Documents/Development/Git/detective-criminal-name-search/external_packages/solr-5.2.1/server/contexts/] at interval 0
INFO  - 2015-07-12 02:01:09.955; [   ] org.eclipse.jetty.webapp.StandardDescriptorProcessor; NO JSP Support for /solr, did not find org.apache.jasper.servlet.JspServlet
WARN  - 2015-07-12 02:01:10.024; [   ] org.eclipse.jetty.security.ConstraintSecurityHandler; ServletContext@o.e.j.w.WebAppContext@cb5822{/solr,file:/Users/admin/Documents/Development/Git/detective-criminal-name-search/external_packages/solr-5.2.1/server/solr-webapp/webapp/,STARTING}{/solr.war} has uncovered http methods for path: /
INFO  - 2015-07-12 02:01:10.081; [   ] org.apache.solr.servlet.SolrDispatchFilter; SolrDispatchFilter.init()WebAppClassLoader=32017212@1e88b3c
INFO  - 2015-07-12 02:01:10.111; [   ] org.apache.solr.core.SolrResourceLoader; JNDI not configured for solr (NoInitialContextEx)
INFO  - 2015-07-12 02:01:10.112; [   ] org.apache.solr.core.SolrResourceLoader; using system property solr.solr.home: /Users/admin/Documents/Development/Git/detective-criminal-name-search/external_packages/solr-5.2.1/example/techproducts/solr
INFO  - 2015-07-12 02:01:10.113; [   ] org.apache.solr.core.SolrResourceLoader; new SolrResourceLoader for directory: '/Users/admin/Documents/Development/Git/detective-criminal-name-search/external_packages/solr-5.2.1/example/techproducts/solr/'
INFO  - 2015-07-12 02:01:10.337; [   ] org.apache.solr.core.SolrXmlConfig; Loading container configuration from /Users/admin/Documents/Development/Git/detective-criminal-name-search/external_packages/solr-5.2.1/example/techproducts/solr/solr.xml
INFO  - 2015-07-12 02:01:10.414; [   ] org.apache.solr.core.CorePropertiesLocator; Config-defined core root directory: /Users/admin/Documents/Development/Git/detective-criminal-name-search/external_packages/solr-5.2.1/example/techproducts/solr
INFO  - 2015-07-12 02:01:10.453; [   ] org.apache.solr.core.CoreContainer; New CoreContainer 1365008457
INFO  - 2015-07-12 02:01:10.454; [   ] org.apache.solr.core.CoreContainer; Loading cores into CoreContainer [instanceDir=/Users/admin/Documents/Development/Git/detective-criminal-name-search/external_packages/solr-5.2.1/example/techproducts/solr/]
INFO  - 2015-07-12 02:01:10.454; [   ] org.apache.solr.core.CoreContainer; loading shared library: /Users/admin/Documents/Development/Git/detective-criminal-name-search/external_packages/solr-5.2.1/example/techproducts/solr/lib
WARN  - 2015-07-12 02:01:10.454; [   ] org.apache.solr.core.SolrResourceLoader; Can't find (or read) directory to add to classloader: lib (resolved as: /Users/admin/Documents/Development/Git/detective-criminal-name-search/external_packages/solr-5.2.1/example/techproducts/solr/lib).
INFO  - 2015-07-12 02:01:10.480; [   ] org.apache.solr.handler.component.HttpShardHandlerFactory; created with socketTimeout : 600000,connTimeout : 60000,maxConnectionsPerHost : 20,maxConnections : 10000,corePoolSize : 0,maximumPoolSize : 2147483647,maxThreadIdleTime : 5,sizeOfQueue : -1,fairnessPolicy : false,useRetries : false,
INFO  - 2015-07-12 02:01:10.753; [   ] org.apache.solr.update.UpdateShardHandler; Creating UpdateShardHandler HTTP client with params: socketTimeout=600000&connTimeout=60000&retry=true
INFO  - 2015-07-12 02:01:10.756; [   ] org.apache.solr.logging.LogWatcher; SLF4J impl is org.slf4j.impl.Log4jLoggerFactory
INFO  - 2015-07-12 02:01:10.758; [   ] org.apache.solr.logging.LogWatcher; Registering Log Listener [Log4j (org.slf4j.impl.Log4jLoggerFactory)]
INFO  - 2015-07-12 02:01:10.760; [   ] org.apache.solr.core.CoreContainer; Node Name: 
INFO  - 2015-07-12 02:01:10.761; [   ] org.apache.solr.core.CoreContainer; No authentication plugin used.
INFO  - 2015-07-12 02:01:10.825; [   ] org.apache.solr.core.CorePropertiesLocator; Looking for core definitions underneath /Users/admin/Documents/Development/Git/detective-criminal-name-search/external_packages/solr-5.2.1/example/techproducts/solr
INFO  - 2015-07-12 02:01:10.826; [   ] org.apache.solr.core.CorePropertiesLocator; Found 0 core definitions
INFO  - 2015-07-12 02:01:10.827; [   ] org.apache.solr.servlet.SolrDispatchFilter; user.dir=/Users/admin/Documents/Development/Git/detective-criminal-name-search/external_packages/solr-5.2.1/server
INFO  - 2015-07-12 02:01:10.828; [   ] org.apache.solr.servlet.SolrDispatchFilter; SolrDispatchFilter.init() done
INFO  - 2015-07-12 02:01:10.850; [   ] org.eclipse.jetty.server.handler.ContextHandler; Started o.e.j.w.WebAppContext@cb5822{/solr,file:/Users/admin/Documents/Development/Git/detective-criminal-name-search/external_packages/solr-5.2.1/server/solr-webapp/webapp/,AVAILABLE}{/solr.war}
INFO  - 2015-07-12 02:01:10.882; [   ] org.eclipse.jetty.server.AbstractConnector; Started ServerConnector@6d3a388c{HTTP/1.1}{0.0.0.0:8983}
INFO  - 2015-07-12 02:01:10.883; [   ] org.eclipse.jetty.server.Server; Started @2723ms
INFO  - 2015-07-12 02:01:14.577; [   ] org.apache.solr.servlet.HttpSolrCall; [admin] webapp=null path=/admin/info/system params={wt=json} status=0 QTime=107 
INFO  - 2015-07-12 02:01:14.668; [   ] org.apache.solr.servlet.HttpSolrCall; [admin] webapp=null path=/admin/info/system params={wt=json} status=0 QTime=12 
INFO  - 2015-07-12 02:01:14.681; [   ] org.apache.solr.servlet.HttpSolrCall; [admin] webapp=null path=/admin/cores params={core=techproducts&action=STATUS&wt=json} status=0 QTime=4 
INFO  - 2015-07-12 02:01:14.824; [   ] org.apache.solr.handler.admin.CoreAdminHandler; core create command name=techproducts&action=CREATE&instanceDir=techproducts&wt=json
INFO  - 2015-07-12 02:01:14.828; [   ] org.apache.solr.core.CoreDescriptor; CORE DESCRIPTOR: {name=techproducts, config=solrconfig.xml, instanceDir=techproducts, loadOnStartup=true, absoluteInstDir=/Users/admin/Documents/Development/Git/detective-criminal-name-search/external_packages/solr-5.2.1/example/techproducts/solr/techproducts/, schema=schema.xml, transient=false, dataDir=data/}
INFO  - 2015-07-12 02:01:14.829; [   ] org.apache.solr.core.SolrResourceLoader; new SolrResourceLoader for directory: '/Users/admin/Documents/Development/Git/detective-criminal-name-search/external_packages/solr-5.2.1/example/techproducts/solr/techproducts/'
INFO  - 2015-07-12 02:01:14.931; [   ] org.apache.solr.core.SolrConfig; current version of requestparams : -1
INFO  - 2015-07-12 02:01:14.938; [   ] org.apache.solr.core.SolrConfig; Adding specified lib dirs to ClassLoader
INFO  - 2015-07-12 02:01:14.942; [   ] org.apache.solr.core.SolrResourceLoader; Adding 'file:/Users/admin/Documents/Development/Git/detective-criminal-name-search/external_packages/solr-5.2.1/contrib/extraction/lib/apache-mime4j-core-0.7.2.jar' to classloader
INFO  - 2015-07-12 02:01:14.943; [   ] org.apache.solr.core.SolrResourceLoader; Adding 'file:/Users/admin/Documents/Development/Git/detective-criminal-name-search/external_packages/solr-5.2.1/contrib/extraction/lib/apache-mime4j-dom-0.7.2.jar' to classloader
INFO  - 2015-07-12 02:01:14.943; [   ] org.apache.solr.core.SolrResourceLoader; Adding 'file:/Users/admin/Documents/Development/Git/detective-criminal-name-search/external_packages/solr-5.2.1/contrib/extraction/lib/aspectjrt-1.8.0.jar' to classloader
INFO  - 2015-07-12 02:01:14.943; [   ] org.apache.solr.core.SolrResourceLoader; Adding 'file:/Users/admin/Documents/Development/Git/detective-criminal-name-search/external_packages/solr-5.2.1/contrib/extraction/lib/bcmail-jdk15-1.45.jar' to classloader
INFO  - 2015-07-12 02:01:14.944; [   ] org.apache.solr.core.SolrResourceLoader; Adding 'file:/Users/admin/Documents/Development/Git/detective-criminal-name-search/external_packages/solr-5.2.1/contrib/extraction/lib/bcprov-jdk15-1.45.jar' to classloader
INFO  - 2015-07-12 02:01:14.944; [   ] org.apache.solr.core.SolrResourceLoader; Adding 'file:/Users/admin/Documents/Development/Git/detective-criminal-name-search/external_packages/solr-5.2.1/contrib/extraction/lib/boilerpipe-1.1.0.jar' to classloader
INFO  - 2015-07-12 02:01:14.944; [   ] org.apache.solr.core.SolrResourceLoader; Adding 'file:/Users/admin/Documents/Development/Git/detective-criminal-name-search/external_packages/solr-5.2.1/contrib/extraction/lib/commons-compress-1.8.1.jar' to classloader
INFO  - 2015-07-12 02:01:14.944; [   ] org.apache.solr.core.SolrResourceLoader; Adding 'file:/Users/admin/Documents/Development/Git/detective-criminal-name-search/external_packages/solr-5.2.1/contrib/extraction/lib/fontbox-1.8.8.jar' to classloader
INFO  - 2015-07-12 02:01:14.945; [   ] org.apache.solr.core.SolrResourceLoader; Adding 'file:/Users/admin/Documents/Development/Git/detective-criminal-name-search/external_packages/solr-5.2.1/contrib/extraction/lib/icu4j-54.1.jar' to classloader
INFO  - 2015-07-12 02:01:14.945; [   ] org.apache.solr.core.SolrResourceLoader; Adding 'file:/Users/admin/Documents/Development/Git/detective-criminal-name-search/external_packages/solr-5.2.1/contrib/extraction/lib/isoparser-1.0.2.jar' to classloader
INFO  - 2015-07-12 02:01:14.945; [   ] org.apache.solr.core.SolrResourceLoader; Adding 'file:/Users/admin/Documents/Development/Git/detective-criminal-name-search/external_packages/solr-5.2.1/contrib/extraction/lib/java-libpst-0.8.1.jar' to classloader
INFO  - 2015-07-12 02:01:14.946; [   ] org.apache.solr.core.SolrResourceLoader; Adding 'file:/Users/admin/Documents/Development/Git/detective-criminal-name-search/external_packages/solr-5.2.1/contrib/extraction/lib/jdom-1.0.jar' to classloader
INFO  - 2015-07-12 02:01:14.946; [   ] org.apache.solr.core.SolrResourceLoader; Adding 'file:/Users/admin/Documents/Development/Git/detective-criminal-name-search/external_packages/solr-5.2.1/contrib/extraction/lib/jempbox-1.8.8.jar' to classloader
INFO  - 2015-07-12 02:01:14.946; [   ] org.apache.solr.core.SolrResourceLoader; Adding 'file:/Users/admin/Documents/Development/Git/detective-criminal-name-search/external_packages/solr-5.2.1/contrib/extraction/lib/jmatio-1.0.jar' to classloader
INFO  - 2015-07-12 02:01:14.946; [   ] org.apache.solr.core.SolrResourceLoader; Adding 'file:/Users/admin/Documents/Development/Git/detective-criminal-name-search/external_packages/solr-5.2.1/contrib/extraction/lib/juniversalchardet-1.0.3.jar' to classloader
INFO  - 2015-07-12 02:01:14.947; [   ] org.apache.solr.core.SolrResourceLoader; Adding 'file:/Users/admin/Documents/Development/Git/detective-criminal-name-search/external_packages/solr-5.2.1/contrib/extraction/lib/metadata-extractor-2.6.2.jar' to classloader
INFO  - 2015-07-12 02:01:14.947; [   ] org.apache.solr.core.SolrResourceLoader; Adding 'file:/Users/admin/Documents/Development/Git/detective-criminal-name-search/external_packages/solr-5.2.1/contrib/extraction/lib/pdfbox-1.8.8.jar' to classloader
INFO  - 2015-07-12 02:01:14.947; [   ] org.apache.solr.core.SolrResourceLoader; Adding 'file:/Users/admin/Documents/Development/Git/detective-criminal-name-search/external_packages/solr-5.2.1/contrib/extraction/lib/poi-3.11.jar' to classloader
INFO  - 2015-07-12 02:01:14.948; [   ] org.apache.solr.core.SolrResourceLoader; Adding 'file:/Users/admin/Documents/Development/Git/detective-criminal-name-search/external_packages/solr-5.2.1/contrib/extraction/lib/poi-ooxml-3.11.jar' to classloader
INFO  - 2015-07-12 02:01:14.948; [   ] org.apache.solr.core.SolrResourceLoader; Adding 'file:/Users/admin/Documents/Development/Git/detective-criminal-name-search/external_packages/solr-5.2.1/contrib/extraction/lib/poi-ooxml-schemas-3.11.jar' to classloader
INFO  - 2015-07-12 02:01:14.949; [   ] org.apache.solr.core.SolrResourceLoader; Adding 'file:/Users/admin/Documents/Development/Git/detective-criminal-name-search/external_packages/solr-5.2.1/contrib/extraction/lib/poi-scratchpad-3.11.jar' to classloader
INFO  - 2015-07-12 02:01:14.949; [   ] org.apache.solr.core.SolrResourceLoader; Adding 'file:/Users/admin/Documents/Development/Git/detective-criminal-name-search/external_packages/solr-5.2.1/contrib/extraction/lib/rome-1.0.jar' to classloader
INFO  - 2015-07-12 02:01:14.949; [   ] org.apache.solr.core.SolrResourceLoader; Adding 'file:/Users/admin/Documents/Development/Git/detective-criminal-name-search/external_packages/solr-5.2.1/contrib/extraction/lib/tagsoup-1.2.1.jar' to classloader
INFO  - 2015-07-12 02:01:14.950; [   ] org.apache.solr.core.SolrResourceLoader; Adding 'file:/Users/admin/Documents/Development/Git/detective-criminal-name-search/external_packages/solr-5.2.1/contrib/extraction/lib/tika-core-1.7.jar' to classloader
INFO  - 2015-07-12 02:01:14.950; [   ] org.apache.solr.core.SolrResourceLoader; Adding 'file:/Users/admin/Documents/Development/Git/detective-criminal-name-search/external_packages/solr-5.2.1/contrib/extraction/lib/tika-java7-1.7.jar' to classloader
INFO  - 2015-07-12 02:01:14.950; [   ] org.apache.solr.core.SolrResourceLoader; Adding 'file:/Users/admin/Documents/Development/Git/detective-criminal-name-search/external_packages/solr-5.2.1/contrib/extraction/lib/tika-parsers-1.7.jar' to classloader
INFO  - 2015-07-12 02:01:14.951; [   ] org.apache.solr.core.SolrResourceLoader; Adding 'file:/Users/admin/Documents/Development/Git/detective-criminal-name-search/external_packages/solr-5.2.1/contrib/extraction/lib/tika-xmp-1.7.jar' to classloader
INFO  - 2015-07-12 02:01:14.951; [   ] org.apache.solr.core.SolrResourceLoader; Adding 'file:/Users/admin/Documents/Development/Git/detective-criminal-name-search/external_packages/solr-5.2.1/contrib/extraction/lib/vorbis-java-core-0.6.jar' to classloader
INFO  - 2015-07-12 02:01:14.952; [   ] org.apache.solr.core.SolrResourceLoader; Adding 'file:/Users/admin/Documents/Development/Git/detective-criminal-name-search/external_packages/solr-5.2.1/contrib/extraction/lib/vorbis-java-tika-0.6.jar' to classloader
INFO  - 2015-07-12 02:01:14.952; [   ] org.apache.solr.core.SolrResourceLoader; Adding 'file:/Users/admin/Documents/Development/Git/detective-criminal-name-search/external_packages/solr-5.2.1/contrib/extraction/lib/xercesImpl-2.9.1.jar' to classloader
INFO  - 2015-07-12 02:01:14.952; [   ] org.apache.solr.core.SolrResourceLoader; Adding 'file:/Users/admin/Documents/Development/Git/detective-criminal-name-search/external_packages/solr-5.2.1/contrib/extraction/lib/xmlbeans-2.6.0.jar' to classloader
INFO  - 2015-07-12 02:01:14.953; [   ] org.apache.solr.core.SolrResourceLoader; Adding 'file:/Users/admin/Documents/Development/Git/detective-criminal-name-search/external_packages/solr-5.2.1/contrib/extraction/lib/xmpcore-5.1.2.jar' to classloader
INFO  - 2015-07-12 02:01:14.953; [   ] org.apache.solr.core.SolrResourceLoader; Adding 'file:/Users/admin/Documents/Development/Git/detective-criminal-name-search/external_packages/solr-5.2.1/contrib/extraction/lib/xz-1.5.jar' to classloader
INFO  - 2015-07-12 02:01:14.956; [   ] org.apache.solr.core.SolrResourceLoader; Adding 'file:/Users/admin/Documents/Development/Git/detective-criminal-name-search/external_packages/solr-5.2.1/dist/solr-cell-5.2.1.jar' to classloader
INFO  - 2015-07-12 02:01:14.957; [   ] org.apache.solr.core.SolrResourceLoader; Adding 'file:/Users/admin/Documents/Development/Git/detective-criminal-name-search/external_packages/solr-5.2.1/contrib/clustering/lib/attributes-binder-1.2.1.jar' to classloader
INFO  - 2015-07-12 02:01:14.957; [   ] org.apache.solr.core.SolrResourceLoader; Adding 'file:/Users/admin/Documents/Development/Git/detective-criminal-name-search/external_packages/solr-5.2.1/contrib/clustering/lib/carrot2-mini-3.9.0.jar' to classloader
INFO  - 2015-07-12 02:01:14.957; [   ] org.apache.solr.core.SolrResourceLoader; Adding 'file:/Users/admin/Documents/Development/Git/detective-criminal-name-search/external_packages/solr-5.2.1/contrib/clustering/lib/hppc-0.5.2.jar' to classloader
INFO  - 2015-07-12 02:01:14.958; [   ] org.apache.solr.core.SolrResourceLoader; Adding 'file:/Users/admin/Documents/Development/Git/detective-criminal-name-search/external_packages/solr-5.2.1/contrib/clustering/lib/jackson-core-asl-1.9.13.jar' to classloader
INFO  - 2015-07-12 02:01:14.958; [   ] org.apache.solr.core.SolrResourceLoader; Adding 'file:/Users/admin/Documents/Development/Git/detective-criminal-name-search/external_packages/solr-5.2.1/contrib/clustering/lib/jackson-mapper-asl-1.9.13.jar' to classloader
INFO  - 2015-07-12 02:01:14.958; [   ] org.apache.solr.core.SolrResourceLoader; Adding 'file:/Users/admin/Documents/Development/Git/detective-criminal-name-search/external_packages/solr-5.2.1/contrib/clustering/lib/mahout-collections-1.0.jar' to classloader
INFO  - 2015-07-12 02:01:14.958; [   ] org.apache.solr.core.SolrResourceLoader; Adding 'file:/Users/admin/Documents/Development/Git/detective-criminal-name-search/external_packages/solr-5.2.1/contrib/clustering/lib/mahout-math-0.6.jar' to classloader
INFO  - 2015-07-12 02:01:14.959; [   ] org.apache.solr.core.SolrResourceLoader; Adding 'file:/Users/admin/Documents/Development/Git/detective-criminal-name-search/external_packages/solr-5.2.1/contrib/clustering/lib/simple-xml-2.7.jar' to classloader
INFO  - 2015-07-12 02:01:14.960; [   ] org.apache.solr.core.SolrResourceLoader; Adding 'file:/Users/admin/Documents/Development/Git/detective-criminal-name-search/external_packages/solr-5.2.1/dist/solr-clustering-5.2.1.jar' to classloader
INFO  - 2015-07-12 02:01:14.960; [   ] org.apache.solr.core.SolrResourceLoader; Adding 'file:/Users/admin/Documents/Development/Git/detective-criminal-name-search/external_packages/solr-5.2.1/contrib/langid/lib/jsonic-1.2.7.jar' to classloader
INFO  - 2015-07-12 02:01:14.960; [   ] org.apache.solr.core.SolrResourceLoader; Adding 'file:/Users/admin/Documents/Development/Git/detective-criminal-name-search/external_packages/solr-5.2.1/contrib/langid/lib/langdetect-1.1-20120112.jar' to classloader
INFO  - 2015-07-12 02:01:14.961; [   ] org.apache.solr.core.SolrResourceLoader; Adding 'file:/Users/admin/Documents/Development/Git/detective-criminal-name-search/external_packages/solr-5.2.1/dist/solr-langid-5.2.1.jar' to classloader
INFO  - 2015-07-12 02:01:14.962; [   ] org.apache.solr.core.SolrResourceLoader; Adding 'file:/Users/admin/Documents/Development/Git/detective-criminal-name-search/external_packages/solr-5.2.1/contrib/velocity/lib/commons-beanutils-1.8.3.jar' to classloader
INFO  - 2015-07-12 02:01:14.962; [   ] org.apache.solr.core.SolrResourceLoader; Adding 'file:/Users/admin/Documents/Development/Git/detective-criminal-name-search/external_packages/solr-5.2.1/contrib/velocity/lib/commons-collections-3.2.1.jar' to classloader
INFO  - 2015-07-12 02:01:14.962; [   ] org.apache.solr.core.SolrResourceLoader; Adding 'file:/Users/admin/Documents/Development/Git/detective-criminal-name-search/external_packages/solr-5.2.1/contrib/velocity/lib/velocity-1.7.jar' to classloader
INFO  - 2015-07-12 02:01:14.963; [   ] org.apache.solr.core.SolrResourceLoader; Adding 'file:/Users/admin/Documents/Development/Git/detective-criminal-name-search/external_packages/solr-5.2.1/contrib/velocity/lib/velocity-tools-2.0.jar' to classloader
INFO  - 2015-07-12 02:01:14.963; [   ] org.apache.solr.core.SolrResourceLoader; Adding 'file:/Users/admin/Documents/Development/Git/detective-criminal-name-search/external_packages/solr-5.2.1/dist/solr-velocity-5.2.1.jar' to classloader
INFO  - 2015-07-12 02:01:15.157; [   ] org.apache.solr.update.SolrIndexConfig; IndexWriter infoStream solr logging is enabled
INFO  - 2015-07-12 02:01:15.166; [   ] org.apache.solr.core.SolrConfig; Using Lucene MatchVersion: 5.2.1
INFO  - 2015-07-12 02:01:15.535; [   ] org.apache.solr.core.SolrConfig; Loaded SolrConfig: solrconfig.xml
INFO  - 2015-07-12 02:01:15.553; [   ] org.apache.solr.schema.IndexSchema; Reading Solr Schema from /Users/admin/Documents/Development/Git/detective-criminal-name-search/external_packages/solr-5.2.1/example/techproducts/solr/techproducts/conf/schema.xml
INFO  - 2015-07-12 02:01:15.632; [   ] org.apache.solr.schema.IndexSchema; [techproducts] Schema name=example
INFO  - 2015-07-12 02:01:16.347; [   ] org.apache.solr.schema.IndexSchema; unique key field: id
INFO  - 2015-07-12 02:01:16.390; [   ] org.apache.solr.rest.RestManager$Registry; Registered ManagedResource impl org.apache.solr.rest.schema.analysis.ManagedWordSetResource for path /schema/analysis/stopwords/english
INFO  - 2015-07-12 02:01:16.392; [   ] org.apache.solr.rest.RestManager$Registry; Registered ManagedResource impl org.apache.solr.rest.schema.analysis.ManagedSynonymFilterFactory$SynonymManager for path /schema/analysis/synonyms/english
INFO  - 2015-07-12 02:01:16.502; [   ] org.apache.solr.schema.FileExchangeRateProvider; Reloading exchange rates from file currency.xml
INFO  - 2015-07-12 02:01:16.509; [   ] org.apache.solr.schema.FileExchangeRateProvider; Reloading exchange rates from file currency.xml
INFO  - 2015-07-12 02:01:16.629; [   ] org.apache.solr.core.CoreContainer; Creating SolrCore 'techproducts' using configuration from instancedir /Users/admin/Documents/Development/Git/detective-criminal-name-search/external_packages/solr-5.2.1/example/techproducts/solr/techproducts/
INFO  - 2015-07-12 02:01:16.630; [   techproducts] org.apache.solr.core.SolrCore; solr.NRTCachingDirectoryFactory
INFO  - 2015-07-12 02:01:16.650; [   techproducts] org.apache.solr.core.SolrCore; [[techproducts] ] Opening new SolrCore at [/Users/admin/Documents/Development/Git/detective-criminal-name-search/external_packages/solr-5.2.1/example/techproducts/solr/techproducts/], dataDir=[null]
INFO  - 2015-07-12 02:01:16.655; [   techproducts] org.apache.solr.core.JmxMonitoredMap; No JMX servers found, not exposing Solr information with JMX.
INFO  - 2015-07-12 02:01:16.660; [   techproducts] org.apache.solr.core.SolrCore; [[techproducts] ] Added SolrEventListener for newSearcher: [org.apache.solr.core.QuerySenderListener{queries=[]}]
INFO  - 2015-07-12 02:01:16.660; [   techproducts] org.apache.solr.core.SolrCore; [[techproducts] ] Added SolrEventListener for firstSearcher: [org.apache.solr.core.QuerySenderListener{queries=[{q=static firstSearcher warming in solrconfig.xml}]}]
INFO  - 2015-07-12 02:01:16.676; [   techproducts] org.apache.solr.core.CachingDirectoryFactory; return new directory for /Users/admin/Documents/Development/Git/detective-criminal-name-search/external_packages/solr-5.2.1/example/techproducts/solr/techproducts/data
INFO  - 2015-07-12 02:01:16.677; [   techproducts] org.apache.solr.core.SolrCore; New index directory detected: old=null new=/Users/admin/Documents/Development/Git/detective-criminal-name-search/external_packages/solr-5.2.1/example/techproducts/solr/techproducts/data/index/
WARN  - 2015-07-12 02:01:16.678; [   techproducts] org.apache.solr.core.SolrCore; [techproducts] Solr index directory '/Users/admin/Documents/Development/Git/detective-criminal-name-search/external_packages/solr-5.2.1/example/techproducts/solr/techproducts/data/index' doesn't exist. Creating new index...
INFO  - 2015-07-12 02:01:16.694; [   techproducts] org.apache.solr.core.CachingDirectoryFactory; return new directory for /Users/admin/Documents/Development/Git/detective-criminal-name-search/external_packages/solr-5.2.1/example/techproducts/solr/techproducts/data/index
INFO  - 2015-07-12 02:01:16.750; [   techproducts] org.apache.solr.core.SolrDeletionPolicy; SolrDeletionPolicy.onCommit: commits: num=1
	commit{dir=NRTCachingDirectory(MMapDirectory@/Users/admin/Documents/Development/Git/detective-criminal-name-search/external_packages/solr-5.2.1/example/techproducts/solr/techproducts/data/index lockFactory=org.apache.lucene.store.NativeFSLockFactory@491a139c; maxCacheMB=48.0 maxMergeSizeMB=4.0),segFN=segments_1,generation=1}
INFO  - 2015-07-12 02:01:16.751; [   techproducts] org.apache.solr.core.SolrDeletionPolicy; newest commit generation = 1
INFO  - 2015-07-12 02:01:16.756; [   techproducts] org.apache.solr.core.PluginBag; queryResponseWriter : 'velocity' created with startup=lazy 
INFO  - 2015-07-12 02:01:16.761; [   techproducts] org.apache.solr.response.XSLTResponseWriter; xsltCacheLifetimeSeconds=5
INFO  - 2015-07-12 02:01:16.919; [   techproducts] org.apache.solr.core.SolrCore; no updateRequestProcessorChain defined as default, creating implicit default
INFO  - 2015-07-12 02:01:16.978; [   techproducts] org.apache.solr.handler.loader.XMLLoader; xsltCacheLifetimeSeconds=60
INFO  - 2015-07-12 02:01:16.982; [   techproducts] org.apache.solr.handler.loader.XMLLoader; xsltCacheLifetimeSeconds=60
INFO  - 2015-07-12 02:01:16.983; [   techproducts] org.apache.solr.handler.loader.XMLLoader; xsltCacheLifetimeSeconds=60
INFO  - 2015-07-12 02:01:16.984; [   techproducts] org.apache.solr.handler.loader.XMLLoader; xsltCacheLifetimeSeconds=60
INFO  - 2015-07-12 02:01:17.002; [   techproducts] org.apache.solr.core.PluginBag; requestHandler : '/update/extract' created with startup=lazy 
INFO  - 2015-07-12 02:01:17.002; [   techproducts] org.apache.solr.core.PluginBag; requestHandler : '/analysis/field' created with startup=lazy 
INFO  - 2015-07-12 02:01:17.002; [   techproducts] org.apache.solr.core.PluginBag; requestHandler : '/analysis/document' created with startup=lazy 
INFO  - 2015-07-12 02:01:17.005; [   techproducts] org.apache.solr.core.PluginBag; requestHandler : '/spell' created with startup=lazy 
INFO  - 2015-07-12 02:01:17.005; [   techproducts] org.apache.solr.core.PluginBag; requestHandler : '/suggest' created with startup=lazy 
INFO  - 2015-07-12 02:01:17.005; [   techproducts] org.apache.solr.core.PluginBag; requestHandler : '/tvrh' created with startup=lazy 
INFO  - 2015-07-12 02:01:17.006; [   techproducts] org.apache.solr.core.PluginBag; requestHandler : '/terms' created with startup=lazy 
INFO  - 2015-07-12 02:01:17.006; [   techproducts] org.apache.solr.core.PluginBag; requestHandler : '/elevate' created with startup=lazy 
INFO  - 2015-07-12 02:01:17.006; [   techproducts] org.apache.solr.core.RequestHandlers; Registered paths: /admin/mbeans,/browse,/update/json/docs,/admin/luke,/export,/get,/admin/properties,/elevate,/update/json,/admin/threads,/query,/analysis/field,/analysis/document,/spell,/update/csv,/tvrh,/select,/admin/segments,/admin/system,/suggest,/replication,/config,/stream,/schema,/admin/plugins,/admin/logging,/admin/ping,/update,/admin/file,/debug/dump,/terms,/update/extract
INFO  - 2015-07-12 02:01:17.008; [   techproducts] org.apache.solr.core.SolrCore; Using default statsCache cache: org.apache.solr.search.stats.LocalStatsCache
INFO  - 2015-07-12 02:01:17.023; [   techproducts] org.apache.solr.update.UpdateHandler; Using UpdateLog implementation: org.apache.solr.update.UpdateLog
INFO  - 2015-07-12 02:01:17.023; [   techproducts] org.apache.solr.update.UpdateLog; Initializing UpdateLog: dataDir= defaultSyncLevel=FLUSH numRecordsToKeep=100 maxNumLogsToKeep=10 numVersionBuckets=65536
INFO  - 2015-07-12 02:01:17.033; [   techproducts] org.apache.solr.update.CommitTracker; Hard AutoCommit: if uncommited for 15000ms; 
INFO  - 2015-07-12 02:01:17.033; [   techproducts] org.apache.solr.update.CommitTracker; Soft AutoCommit: disabled
INFO  - 2015-07-12 02:01:17.041; [   techproducts] org.apache.solr.core.SolrDeletionPolicy; SolrDeletionPolicy.onInit: commits: num=1
	commit{dir=NRTCachingDirectory(MMapDirectory@/Users/admin/Documents/Development/Git/detective-criminal-name-search/external_packages/solr-5.2.1/example/techproducts/solr/techproducts/data/index lockFactory=org.apache.lucene.store.NativeFSLockFactory@491a139c; maxCacheMB=48.0 maxMergeSizeMB=4.0),segFN=segments_1,generation=1}
INFO  - 2015-07-12 02:01:17.041; [   techproducts] org.apache.solr.core.SolrDeletionPolicy; newest commit generation = 1
INFO  - 2015-07-12 02:01:17.058; [   techproducts] org.apache.solr.search.SolrIndexSearcher; Opening Searcher@6c168d5b[techproducts] main
INFO  - 2015-07-12 02:01:17.067; [   techproducts] org.apache.solr.rest.ManagedResourceStorage$FileStorageIO; File-based storage initialized to use dir: /Users/admin/Documents/Development/Git/detective-criminal-name-search/external_packages/solr-5.2.1/example/techproducts/solr/techproducts/conf
INFO  - 2015-07-12 02:01:17.067; [   techproducts] org.apache.solr.rest.RestManager; Initializing RestManager with initArgs: {storageDir=/Users/admin/Documents/Development/Git/detective-criminal-name-search/external_packages/solr-5.2.1/example/techproducts/solr/techproducts/conf}
INFO  - 2015-07-12 02:01:17.069; [   techproducts] org.apache.solr.rest.ManagedResourceStorage; Reading _rest_managed.json using file:dir=/Users/admin/Documents/Development/Git/detective-criminal-name-search/external_packages/solr-5.2.1/example/techproducts/solr/techproducts/conf
INFO  - 2015-07-12 02:01:17.069; [   techproducts] org.apache.solr.rest.ManagedResourceStorage; Loaded LinkedHashMap at path _rest_managed.json using file:dir=/Users/admin/Documents/Development/Git/detective-criminal-name-search/external_packages/solr-5.2.1/example/techproducts/solr/techproducts/conf
INFO  - 2015-07-12 02:01:17.070; [   techproducts] org.apache.solr.rest.ManagedResource; Loaded initArgs {} for /rest/managed
INFO  - 2015-07-12 02:01:17.070; [   techproducts] org.apache.solr.rest.RestManager; Initializing 2 registered ManagedResources
INFO  - 2015-07-12 02:01:17.071; [   techproducts] org.apache.solr.rest.ManagedResourceStorage; Reading _schema_analysis_stopwords_english.json using file:dir=/Users/admin/Documents/Development/Git/detective-criminal-name-search/external_packages/solr-5.2.1/example/techproducts/solr/techproducts/conf
INFO  - 2015-07-12 02:01:17.072; [   techproducts] org.apache.solr.rest.ManagedResourceStorage; Loaded LinkedHashMap at path _schema_analysis_stopwords_english.json using file:dir=/Users/admin/Documents/Development/Git/detective-criminal-name-search/external_packages/solr-5.2.1/example/techproducts/solr/techproducts/conf
INFO  - 2015-07-12 02:01:17.073; [   techproducts] org.apache.solr.rest.ManagedResource; Loaded initArgs {ignoreCase=true} for /schema/analysis/stopwords/english
INFO  - 2015-07-12 02:01:17.073; [   techproducts] org.apache.solr.rest.schema.analysis.ManagedWordSetResource; Loaded 35 words for /schema/analysis/stopwords/english
INFO  - 2015-07-12 02:01:17.074; [   techproducts] org.apache.solr.rest.ManagedResource; Notified 1 observers of /schema/analysis/stopwords/english
INFO  - 2015-07-12 02:01:17.074; [   techproducts] org.apache.solr.rest.ManagedResourceStorage; Reading _schema_analysis_synonyms_english.json using file:dir=/Users/admin/Documents/Development/Git/detective-criminal-name-search/external_packages/solr-5.2.1/example/techproducts/solr/techproducts/conf
INFO  - 2015-07-12 02:01:17.075; [   techproducts] org.apache.solr.rest.ManagedResourceStorage; Loaded LinkedHashMap at path _schema_analysis_synonyms_english.json using file:dir=/Users/admin/Documents/Development/Git/detective-criminal-name-search/external_packages/solr-5.2.1/example/techproducts/solr/techproducts/conf
INFO  - 2015-07-12 02:01:17.075; [   techproducts] org.apache.solr.rest.ManagedResource; Loaded initArgs {ignoreCase=true,format=solr} for /schema/analysis/synonyms/english
INFO  - 2015-07-12 02:01:17.076; [   techproducts] org.apache.solr.rest.schema.analysis.ManagedSynonymFilterFactory$SynonymManager; Loaded 3 synonym mappings for /schema/analysis/synonyms/english
INFO  - 2015-07-12 02:01:17.077; [   techproducts] org.apache.solr.rest.ManagedResource; Notified 1 observers of /schema/analysis/synonyms/english
INFO  - 2015-07-12 02:01:17.086; [   techproducts] org.apache.solr.handler.component.SpellCheckComponent; Initializing spell checkers
INFO  - 2015-07-12 02:01:17.095; [   techproducts] org.apache.solr.spelling.DirectSolrSpellChecker; init: {name=default,field=text,classname=solr.DirectSolrSpellChecker,distanceMeasure=internal,accuracy=0.5,maxEdits=2,minPrefix=1,maxInspections=5,minQueryLength=4,maxQueryFrequency=0.01}
INFO  - 2015-07-12 02:01:17.103; [   techproducts] org.apache.solr.handler.component.SpellCheckComponent; No queryConverter defined, using default converter
INFO  - 2015-07-12 02:01:17.104; [   techproducts] org.apache.solr.handler.component.SuggestComponent; Initializing SuggestComponent
INFO  - 2015-07-12 02:01:17.107; [   techproducts] org.apache.solr.spelling.suggest.SolrSuggester; init: {name=mySuggester,lookupImpl=FuzzyLookupFactory,dictionaryImpl=DocumentDictionaryFactory,field=cat,weightField=price,suggestAnalyzerFieldType=string,buildOnStartup=false}
INFO  - 2015-07-12 02:01:17.126; [   techproducts] org.apache.solr.spelling.suggest.SolrSuggester; Dictionary loaded with params: {name=mySuggester,lookupImpl=FuzzyLookupFactory,dictionaryImpl=DocumentDictionaryFactory,field=cat,weightField=price,suggestAnalyzerFieldType=string,buildOnStartup=false}
INFO  - 2015-07-12 02:01:17.128; [   techproducts] org.apache.solr.handler.component.QueryElevationComponent; Loading QueryElevation from: /Users/admin/Documents/Development/Git/detective-criminal-name-search/external_packages/solr-5.2.1/example/techproducts/solr/techproducts/conf/elevate.xml
INFO  - 2015-07-12 02:01:17.148; [   techproducts] org.apache.solr.handler.ReplicationHandler; Commits will be reserved for  10000
INFO  - 2015-07-12 02:01:17.155; [   techproducts] org.apache.solr.core.QuerySenderListener; QuerySenderListener sending requests to Searcher@6c168d5b[techproducts] main{ExitableDirectoryReader(UninvertingDirectoryReader())}
INFO  - 2015-07-12 02:01:17.156; [   techproducts] org.apache.solr.update.UpdateLog; Looking up max value of version field to seed version buckets
INFO  - 2015-07-12 02:01:17.157; [   techproducts] org.apache.solr.update.VersionInfo; Refreshing highest value of _version_ for 65536 version buckets from index
INFO  - 2015-07-12 02:01:17.157; [   techproducts] org.apache.solr.update.VersionInfo; No terms found for _version_, cannot seed version bucket highest value from index
INFO  - 2015-07-12 02:01:17.157; [   techproducts] org.apache.solr.update.UpdateLog; Could not find max version in index or recent updates, using new clock 1506453987951378432
INFO  - 2015-07-12 02:01:17.162; [   techproducts] org.apache.solr.update.UpdateLog; Took 6 ms to seed version buckets with highest version 1506453987951378432
INFO  - 2015-07-12 02:01:17.165; [   techproducts] org.apache.solr.core.CoreContainer; registering core: techproducts
INFO  - 2015-07-12 02:01:17.174; [   techproducts] org.apache.solr.servlet.HttpSolrCall; [admin] webapp=null path=/admin/cores params={name=techproducts&action=CREATE&instanceDir=techproducts&wt=json} status=0 QTime=2351 
INFO  - 2015-07-12 02:01:17.232; [   techproducts] org.apache.solr.core.SolrCore; [techproducts] webapp=null path=null params={q=static+firstSearcher+warming+in+solrconfig.xml&distrib=false&event=firstSearcher} hits=0 status=0 QTime=73 
INFO  - 2015-07-12 02:01:17.233; [   techproducts] org.apache.solr.core.QuerySenderListener; QuerySenderListener done.
INFO  - 2015-07-12 02:01:17.233; [   techproducts] org.apache.solr.handler.component.SpellCheckComponent$SpellCheckerListener; Loading spell index for spellchecker: default
INFO  - 2015-07-12 02:01:17.233; [   techproducts] org.apache.solr.handler.component.SpellCheckComponent$SpellCheckerListener; Loading spell index for spellchecker: wordbreak
INFO  - 2015-07-12 02:01:17.234; [   techproducts] org.apache.solr.core.SolrCore; [techproducts] Registered new searcher Searcher@6c168d5b[techproducts] main{ExitableDirectoryReader(UninvertingDirectoryReader())}
INFO  - 2015-07-12 02:01:17.648; [   techproducts] org.apache.solr.update.processor.LogUpdateProcessor; [techproducts] webapp=/solr path=/update params={} {add=[GB18030TEST (1506453988398071808)]} 0 173
INFO  - 2015-07-12 02:01:17.673; [   techproducts] org.apache.solr.update.processor.LogUpdateProcessor; [techproducts] webapp=/solr path=/update params={} {add=[SP2514N (1506453988478812160), 6H500F0 (1506453988489297920)]} 0 15
INFO  - 2015-07-12 02:01:17.689; [   techproducts] org.apache.solr.update.processor.LogUpdateProcessor; [techproducts] webapp=/solr path=/update params={} {add=[F8V7067-APL-KIT (1506453988500832256), IW-02 (1506453988507123712)]} 0 11
INFO  - 2015-07-12 02:01:17.713; [   techproducts] org.apache.solr.update.processor.LogUpdateProcessor; [techproducts] webapp=/solr path=/update params={} {add=[MA147LL/A (1506453988520755200)]} 0 15
INFO  - 2015-07-12 02:01:17.726; [   techproducts] org.apache.solr.update.processor.LogUpdateProcessor; [techproducts] webapp=/solr path=/update params={} {add=[adata (1506453988540678144), apple (1506453988541726720), asus (1506453988541726721), ati (1506453988542775296), belkin (1506453988543823872), canon (1506453988543823873), corsair (1506453988544872448), dell (1506453988544872449), maxtor (1506453988545921024), samsung (1506453988546969600), ... (11 adds)]} 0 8
INFO  - 2015-07-12 02:01:17.742; [   techproducts] org.apache.solr.update.processor.LogUpdateProcessor; [techproducts] webapp=/solr path=/update params={} {add=[TWINX2048-3200PRO (1506453988553261056), VS1GB400C3 (1506453988559552512), VDBDB1A16 (1506453988562698240)]} 0 12
INFO  - 2015-07-12 02:01:17.753; [   techproducts] org.apache.solr.update.processor.LogUpdateProcessor; [techproducts] webapp=/solr path=/update params={} {add=[USD (1506453988570038272), EUR (1506453988572135424), GBP (1506453988573184000), NOK (1506453988575281152)]} 0 7
INFO  - 2015-07-12 02:01:17.761; [   techproducts] org.apache.solr.update.processor.LogUpdateProcessor; [techproducts] webapp=/solr path=/update params={} {add=[3007WFP (1506453988581572608)]} 0 4
INFO  - 2015-07-12 02:01:17.772; [   techproducts] org.apache.solr.update.processor.LogUpdateProcessor; [techproducts] webapp=/solr path=/update params={} {add=[VA902B (1506453988594155520)]} 0 4
INFO  - 2015-07-12 02:01:17.787; [   techproducts] org.apache.solr.update.processor.LogUpdateProcessor; [techproducts] webapp=/solr path=/update params={} {add=[0579B002 (1506453988608835584)]} 0 6
INFO  - 2015-07-12 02:01:17.799; [   techproducts] org.apache.solr.update.processor.LogUpdateProcessor; [techproducts] webapp=/solr path=/update params={} {add=[9885A004 (1506453988622467072)]} 0 4
INFO  - 2015-07-12 02:01:17.807; [   techproducts] org.apache.solr.update.processor.LogUpdateProcessor; [techproducts] webapp=/solr path=/update params={} {add=[SOLR1000 (1506453988629807104)]} 0 4
INFO  - 2015-07-12 02:01:17.818; [   techproducts] org.apache.solr.update.processor.LogUpdateProcessor; [techproducts] webapp=/solr path=/update params={} {add=[UTF8TEST (1506453988640292864)]} 0 7
INFO  - 2015-07-12 02:01:17.837; [   techproducts] org.apache.solr.update.processor.LogUpdateProcessor; [techproducts] webapp=/solr path=/update params={} {add=[EN7800GTX/2DHTV/256M (1506453988650778624), 100-435805 (1506453988656021504)]} 0 14
INFO  - 2015-07-12 02:01:17.845; [   techproducts] org.apache.solr.update.DirectUpdateHandler2; start commit{,optimize=false,openSearcher=true,waitSearcher=true,expungeDeletes=false,softCommit=false,prepareCommit=false}
INFO  - 2015-07-12 02:01:17.956; [   techproducts] org.apache.solr.core.SolrDeletionPolicy; SolrDeletionPolicy.onCommit: commits: num=2
	commit{dir=NRTCachingDirectory(MMapDirectory@/Users/admin/Documents/Development/Git/detective-criminal-name-search/external_packages/solr-5.2.1/example/techproducts/solr/techproducts/data/index lockFactory=org.apache.lucene.store.NativeFSLockFactory@491a139c; maxCacheMB=48.0 maxMergeSizeMB=4.0),segFN=segments_1,generation=1}
	commit{dir=NRTCachingDirectory(MMapDirectory@/Users/admin/Documents/Development/Git/detective-criminal-name-search/external_packages/solr-5.2.1/example/techproducts/solr/techproducts/data/index lockFactory=org.apache.lucene.store.NativeFSLockFactory@491a139c; maxCacheMB=48.0 maxMergeSizeMB=4.0),segFN=segments_2,generation=2}
INFO  - 2015-07-12 02:01:17.957; [   techproducts] org.apache.solr.core.SolrDeletionPolicy; newest commit generation = 2
INFO  - 2015-07-12 02:01:18.001; [   techproducts] org.apache.solr.search.SolrIndexSearcher; Opening Searcher@6ac8bf8b[techproducts] main
INFO  - 2015-07-12 02:01:18.004; [   techproducts] org.apache.solr.core.QuerySenderListener; QuerySenderListener sending requests to Searcher@6ac8bf8b[techproducts] main{ExitableDirectoryReader(UninvertingDirectoryReader(Uninverting(_0(5.2.1):C32)))}
INFO  - 2015-07-12 02:01:18.005; [   techproducts] org.apache.solr.core.QuerySenderListener; QuerySenderListener done.
INFO  - 2015-07-12 02:01:18.005; [   techproducts] org.apache.solr.update.DirectUpdateHandler2; end_commit_flush
INFO  - 2015-07-12 02:01:18.005; [   techproducts] org.apache.solr.core.SolrCore; [techproducts] Registered new searcher Searcher@6ac8bf8b[techproducts] main{ExitableDirectoryReader(UninvertingDirectoryReader(Uninverting(_0(5.2.1):C32)))}
INFO  - 2015-07-12 02:01:18.006; [   techproducts] org.apache.solr.update.processor.LogUpdateProcessor; [techproducts] webapp=/solr path=/update params={commit=true} {commit=} 0 161
INFO  - 2015-07-12 02:01:20.248; [   ] org.apache.solr.servlet.HttpSolrCall; [admin] webapp=null path=/admin/info/system params={wt=json} status=0 QTime=13 
INFO  - 2015-07-12 02:01:38.523; [   ] org.apache.solr.servlet.HttpSolrCall; [admin] webapp=null path=/admin/cores params={indexInfo=false&wt=json&_=1436666498367} status=0 QTime=4 
INFO  - 2015-07-12 02:01:38.673; [   ] org.apache.solr.servlet.HttpSolrCall; [admin] webapp=null path=/admin/info/system params={wt=json&_=1436666498594} status=0 QTime=50 
INFO  - 2015-07-12 02:02:10.793; [   techproducts] org.apache.solr.core.SolrCore; [techproducts] webapp=/solr path=/admin/file params={file=admin-extra.menu-top.html&contentType=text/html;charset%3Dutf-8&_=1436666530697} status=0 QTime=5 
INFO  - 2015-07-12 02:02:10.803; [   techproducts] org.apache.solr.core.SolrCore; [techproducts] webapp=/solr path=/admin/file params={file=admin-extra.menu-bottom.html&contentType=text/html;charset%3Dutf-8&_=1436666530700} status=0 QTime=1 
INFO  - 2015-07-12 02:02:10.894; [   techproducts] org.apache.solr.core.SolrCore; [techproducts] webapp=/solr path=/admin/luke params={show=index&numTerms=0&wt=json&_=1436666530845} status=0 QTime=9 
INFO  - 2015-07-12 02:02:10.930; [   techproducts] org.apache.solr.core.SolrCore; [techproducts] webapp=/solr path=/replication params={wt=json&command=details&_=1436666530854} status=0 QTime=10 
INFO  - 2015-07-12 02:02:10.988; [   techproducts] org.apache.solr.core.SolrCore; [techproducts] webapp=/solr path=/admin/file params={file=admin-extra.html&_=1436666530859} status=0 QTime=1 
INFO  - 2015-07-12 02:02:11.003; [   techproducts] org.apache.solr.core.SolrCore; [techproducts] webapp=/solr path=/admin/system params={wt=json&_=1436666530856} status=0 QTime=33 
INFO  - 2015-07-12 02:02:11.031; [   techproducts] org.apache.solr.core.SolrCore; [techproducts] webapp=/solr path=/admin/ping params={action=status&wt=json&_=1436666530862} status=503 QTime=4 
INFO  - 2015-07-12 02:08:29.120; [   ] org.apache.solr.servlet.HttpSolrCall; [admin] webapp=null path=/admin/info/system params={wt=json} status=0 QTime=24 
INFO  - 2015-07-12 02:08:29.181; [   ] org.apache.solr.servlet.HttpSolrCall; [admin] webapp=null path=/admin/info/system params={wt=json} status=0 QTime=17 
INFO  - 2015-07-12 02:08:29.192; [   ] org.apache.solr.servlet.HttpSolrCall; [admin] webapp=null path=/admin/cores params={core=gettingstarted&action=STATUS&wt=json} status=0 QTime=0 
INFO  - 2015-07-12 02:08:29.281; [   ] org.apache.solr.handler.admin.CoreAdminHandler; core create command name=gettingstarted&action=CREATE&instanceDir=gettingstarted&wt=json
INFO  - 2015-07-12 02:08:29.283; [   ] org.apache.solr.core.CoreDescriptor; CORE DESCRIPTOR: {name=gettingstarted, config=solrconfig.xml, instanceDir=gettingstarted, loadOnStartup=true, absoluteInstDir=/Users/admin/Documents/Development/Git/detective-criminal-name-search/external_packages/solr-5.2.1/example/techproducts/solr/gettingstarted/, schema=schema.xml, transient=false, dataDir=data/}
INFO  - 2015-07-12 02:08:29.284; [   ] org.apache.solr.core.SolrResourceLoader; new SolrResourceLoader for directory: '/Users/admin/Documents/Development/Git/detective-criminal-name-search/external_packages/solr-5.2.1/example/techproducts/solr/gettingstarted/'
INFO  - 2015-07-12 02:08:29.374; [   ] org.apache.solr.core.SolrConfig; current version of requestparams : 0
INFO  - 2015-07-12 02:08:29.378; [   ] org.apache.solr.core.SolrConfig; Adding specified lib dirs to ClassLoader
INFO  - 2015-07-12 02:08:29.381; [   ] org.apache.solr.core.SolrResourceLoader; Adding 'file:/Users/admin/Documents/Development/Git/detective-criminal-name-search/external_packages/solr-5.2.1/contrib/extraction/lib/apache-mime4j-core-0.7.2.jar' to classloader
INFO  - 2015-07-12 02:08:29.381; [   ] org.apache.solr.core.SolrResourceLoader; Adding 'file:/Users/admin/Documents/Development/Git/detective-criminal-name-search/external_packages/solr-5.2.1/contrib/extraction/lib/apache-mime4j-dom-0.7.2.jar' to classloader
INFO  - 2015-07-12 02:08:29.382; [   ] org.apache.solr.core.SolrResourceLoader; Adding 'file:/Users/admin/Documents/Development/Git/detective-criminal-name-search/external_packages/solr-5.2.1/contrib/extraction/lib/aspectjrt-1.8.0.jar' to classloader
INFO  - 2015-07-12 02:08:29.382; [   ] org.apache.solr.core.SolrResourceLoader; Adding 'file:/Users/admin/Documents/Development/Git/detective-criminal-name-search/external_packages/solr-5.2.1/contrib/extraction/lib/bcmail-jdk15-1.45.jar' to classloader
INFO  - 2015-07-12 02:08:29.382; [   ] org.apache.solr.core.SolrResourceLoader; Adding 'file:/Users/admin/Documents/Development/Git/detective-criminal-name-search/external_packages/solr-5.2.1/contrib/extraction/lib/bcprov-jdk15-1.45.jar' to classloader
INFO  - 2015-07-12 02:08:29.383; [   ] org.apache.solr.core.SolrResourceLoader; Adding 'file:/Users/admin/Documents/Development/Git/detective-criminal-name-search/external_packages/solr-5.2.1/contrib/extraction/lib/boilerpipe-1.1.0.jar' to classloader
INFO  - 2015-07-12 02:08:29.383; [   ] org.apache.solr.core.SolrResourceLoader; Adding 'file:/Users/admin/Documents/Development/Git/detective-criminal-name-search/external_packages/solr-5.2.1/contrib/extraction/lib/commons-compress-1.8.1.jar' to classloader
INFO  - 2015-07-12 02:08:29.383; [   ] org.apache.solr.core.SolrResourceLoader; Adding 'file:/Users/admin/Documents/Development/Git/detective-criminal-name-search/external_packages/solr-5.2.1/contrib/extraction/lib/fontbox-1.8.8.jar' to classloader
INFO  - 2015-07-12 02:08:29.383; [   ] org.apache.solr.core.SolrResourceLoader; Adding 'file:/Users/admin/Documents/Development/Git/detective-criminal-name-search/external_packages/solr-5.2.1/contrib/extraction/lib/icu4j-54.1.jar' to classloader
INFO  - 2015-07-12 02:08:29.384; [   ] org.apache.solr.core.SolrResourceLoader; Adding 'file:/Users/admin/Documents/Development/Git/detective-criminal-name-search/external_packages/solr-5.2.1/contrib/extraction/lib/isoparser-1.0.2.jar' to classloader
INFO  - 2015-07-12 02:08:29.384; [   ] org.apache.solr.core.SolrResourceLoader; Adding 'file:/Users/admin/Documents/Development/Git/detective-criminal-name-search/external_packages/solr-5.2.1/contrib/extraction/lib/java-libpst-0.8.1.jar' to classloader
INFO  - 2015-07-12 02:08:29.384; [   ] org.apache.solr.core.SolrResourceLoader; Adding 'file:/Users/admin/Documents/Development/Git/detective-criminal-name-search/external_packages/solr-5.2.1/contrib/extraction/lib/jdom-1.0.jar' to classloader
INFO  - 2015-07-12 02:08:29.384; [   ] org.apache.solr.core.SolrResourceLoader; Adding 'file:/Users/admin/Documents/Development/Git/detective-criminal-name-search/external_packages/solr-5.2.1/contrib/extraction/lib/jempbox-1.8.8.jar' to classloader
INFO  - 2015-07-12 02:08:29.385; [   ] org.apache.solr.core.SolrResourceLoader; Adding 'file:/Users/admin/Documents/Development/Git/detective-criminal-name-search/external_packages/solr-5.2.1/contrib/extraction/lib/jmatio-1.0.jar' to classloader
INFO  - 2015-07-12 02:08:29.385; [   ] org.apache.solr.core.SolrResourceLoader; Adding 'file:/Users/admin/Documents/Development/Git/detective-criminal-name-search/external_packages/solr-5.2.1/contrib/extraction/lib/juniversalchardet-1.0.3.jar' to classloader
INFO  - 2015-07-12 02:08:29.386; [   ] org.apache.solr.core.SolrResourceLoader; Adding 'file:/Users/admin/Documents/Development/Git/detective-criminal-name-search/external_packages/solr-5.2.1/contrib/extraction/lib/metadata-extractor-2.6.2.jar' to classloader
INFO  - 2015-07-12 02:08:29.386; [   ] org.apache.solr.core.SolrResourceLoader; Adding 'file:/Users/admin/Documents/Development/Git/detective-criminal-name-search/external_packages/solr-5.2.1/contrib/extraction/lib/pdfbox-1.8.8.jar' to classloader
INFO  - 2015-07-12 02:08:29.386; [   ] org.apache.solr.core.SolrResourceLoader; Adding 'file:/Users/admin/Documents/Development/Git/detective-criminal-name-search/external_packages/solr-5.2.1/contrib/extraction/lib/poi-3.11.jar' to classloader
INFO  - 2015-07-12 02:08:29.387; [   ] org.apache.solr.core.SolrResourceLoader; Adding 'file:/Users/admin/Documents/Development/Git/detective-criminal-name-search/external_packages/solr-5.2.1/contrib/extraction/lib/poi-ooxml-3.11.jar' to classloader
INFO  - 2015-07-12 02:08:29.387; [   ] org.apache.solr.core.SolrResourceLoader; Adding 'file:/Users/admin/Documents/Development/Git/detective-criminal-name-search/external_packages/solr-5.2.1/contrib/extraction/lib/poi-ooxml-schemas-3.11.jar' to classloader
INFO  - 2015-07-12 02:08:29.387; [   ] org.apache.solr.core.SolrResourceLoader; Adding 'file:/Users/admin/Documents/Development/Git/detective-criminal-name-search/external_packages/solr-5.2.1/contrib/extraction/lib/poi-scratchpad-3.11.jar' to classloader
INFO  - 2015-07-12 02:08:29.388; [   ] org.apache.solr.core.SolrResourceLoader; Adding 'file:/Users/admin/Documents/Development/Git/detective-criminal-name-search/external_packages/solr-5.2.1/contrib/extraction/lib/rome-1.0.jar' to classloader
INFO  - 2015-07-12 02:08:29.388; [   ] org.apache.solr.core.SolrResourceLoader; Adding 'file:/Users/admin/Documents/Development/Git/detective-criminal-name-search/external_packages/solr-5.2.1/contrib/extraction/lib/tagsoup-1.2.1.jar' to classloader
INFO  - 2015-07-12 02:08:29.388; [   ] org.apache.solr.core.SolrResourceLoader; Adding 'file:/Users/admin/Documents/Development/Git/detective-criminal-name-search/external_packages/solr-5.2.1/contrib/extraction/lib/tika-core-1.7.jar' to classloader
INFO  - 2015-07-12 02:08:29.389; [   ] org.apache.solr.core.SolrResourceLoader; Adding 'file:/Users/admin/Documents/Development/Git/detective-criminal-name-search/external_packages/solr-5.2.1/contrib/extraction/lib/tika-java7-1.7.jar' to classloader
INFO  - 2015-07-12 02:08:29.389; [   ] org.apache.solr.core.SolrResourceLoader; Adding 'file:/Users/admin/Documents/Development/Git/detective-criminal-name-search/external_packages/solr-5.2.1/contrib/extraction/lib/tika-parsers-1.7.jar' to classloader
INFO  - 2015-07-12 02:08:29.389; [   ] org.apache.solr.core.SolrResourceLoader; Adding 'file:/Users/admin/Documents/Development/Git/detective-criminal-name-search/external_packages/solr-5.2.1/contrib/extraction/lib/tika-xmp-1.7.jar' to classloader
INFO  - 2015-07-12 02:08:29.389; [   ] org.apache.solr.core.SolrResourceLoader; Adding 'file:/Users/admin/Documents/Development/Git/detective-criminal-name-search/external_packages/solr-5.2.1/contrib/extraction/lib/vorbis-java-core-0.6.jar' to classloader
INFO  - 2015-07-12 02:08:29.390; [   ] org.apache.solr.core.SolrResourceLoader; Adding 'file:/Users/admin/Documents/Development/Git/detective-criminal-name-search/external_packages/solr-5.2.1/contrib/extraction/lib/vorbis-java-tika-0.6.jar' to classloader
INFO  - 2015-07-12 02:08:29.390; [   ] org.apache.solr.core.SolrResourceLoader; Adding 'file:/Users/admin/Documents/Development/Git/detective-criminal-name-search/external_packages/solr-5.2.1/contrib/extraction/lib/xercesImpl-2.9.1.jar' to classloader
INFO  - 2015-07-12 02:08:29.392; [   ] org.apache.solr.core.SolrResourceLoader; Adding 'file:/Users/admin/Documents/Development/Git/detective-criminal-name-search/external_packages/solr-5.2.1/contrib/extraction/lib/xmlbeans-2.6.0.jar' to classloader
INFO  - 2015-07-12 02:08:29.393; [   ] org.apache.solr.core.SolrResourceLoader; Adding 'file:/Users/admin/Documents/Development/Git/detective-criminal-name-search/external_packages/solr-5.2.1/contrib/extraction/lib/xmpcore-5.1.2.jar' to classloader
INFO  - 2015-07-12 02:08:29.394; [   ] org.apache.solr.core.SolrResourceLoader; Adding 'file:/Users/admin/Documents/Development/Git/detective-criminal-name-search/external_packages/solr-5.2.1/contrib/extraction/lib/xz-1.5.jar' to classloader
INFO  - 2015-07-12 02:08:29.395; [   ] org.apache.solr.core.SolrResourceLoader; Adding 'file:/Users/admin/Documents/Development/Git/detective-criminal-name-search/external_packages/solr-5.2.1/dist/solr-cell-5.2.1.jar' to classloader
INFO  - 2015-07-12 02:08:29.396; [   ] org.apache.solr.core.SolrResourceLoader; Adding 'file:/Users/admin/Documents/Development/Git/detective-criminal-name-search/external_packages/solr-5.2.1/contrib/clustering/lib/attributes-binder-1.2.1.jar' to classloader
INFO  - 2015-07-12 02:08:29.396; [   ] org.apache.solr.core.SolrResourceLoader; Adding 'file:/Users/admin/Documents/Development/Git/detective-criminal-name-search/external_packages/solr-5.2.1/contrib/clustering/lib/carrot2-mini-3.9.0.jar' to classloader
INFO  - 2015-07-12 02:08:29.397; [   ] org.apache.solr.core.SolrResourceLoader; Adding 'file:/Users/admin/Documents/Development/Git/detective-criminal-name-search/external_packages/solr-5.2.1/contrib/clustering/lib/hppc-0.5.2.jar' to classloader
INFO  - 2015-07-12 02:08:29.397; [   ] org.apache.solr.core.SolrResourceLoader; Adding 'file:/Users/admin/Documents/Development/Git/detective-criminal-name-search/external_packages/solr-5.2.1/contrib/clustering/lib/jackson-core-asl-1.9.13.jar' to classloader
INFO  - 2015-07-12 02:08:29.397; [   ] org.apache.solr.core.SolrResourceLoader; Adding 'file:/Users/admin/Documents/Development/Git/detective-criminal-name-search/external_packages/solr-5.2.1/contrib/clustering/lib/jackson-mapper-asl-1.9.13.jar' to classloader
INFO  - 2015-07-12 02:08:29.397; [   ] org.apache.solr.core.SolrResourceLoader; Adding 'file:/Users/admin/Documents/Development/Git/detective-criminal-name-search/external_packages/solr-5.2.1/contrib/clustering/lib/mahout-collections-1.0.jar' to classloader
INFO  - 2015-07-12 02:08:29.398; [   ] org.apache.solr.core.SolrResourceLoader; Adding 'file:/Users/admin/Documents/Development/Git/detective-criminal-name-search/external_packages/solr-5.2.1/contrib/clustering/lib/mahout-math-0.6.jar' to classloader
INFO  - 2015-07-12 02:08:29.398; [   ] org.apache.solr.core.SolrResourceLoader; Adding 'file:/Users/admin/Documents/Development/Git/detective-criminal-name-search/external_packages/solr-5.2.1/contrib/clustering/lib/simple-xml-2.7.jar' to classloader
INFO  - 2015-07-12 02:08:29.399; [   ] org.apache.solr.core.SolrResourceLoader; Adding 'file:/Users/admin/Documents/Development/Git/detective-criminal-name-search/external_packages/solr-5.2.1/dist/solr-clustering-5.2.1.jar' to classloader
INFO  - 2015-07-12 02:08:29.400; [   ] org.apache.solr.core.SolrResourceLoader; Adding 'file:/Users/admin/Documents/Development/Git/detective-criminal-name-search/external_packages/solr-5.2.1/contrib/langid/lib/jsonic-1.2.7.jar' to classloader
INFO  - 2015-07-12 02:08:29.400; [   ] org.apache.solr.core.SolrResourceLoader; Adding 'file:/Users/admin/Documents/Development/Git/detective-criminal-name-search/external_packages/solr-5.2.1/contrib/langid/lib/langdetect-1.1-20120112.jar' to classloader
INFO  - 2015-07-12 02:08:29.402; [   ] org.apache.solr.core.SolrResourceLoader; Adding 'file:/Users/admin/Documents/Development/Git/detective-criminal-name-search/external_packages/solr-5.2.1/dist/solr-langid-5.2.1.jar' to classloader
INFO  - 2015-07-12 02:08:29.402; [   ] org.apache.solr.core.SolrResourceLoader; Adding 'file:/Users/admin/Documents/Development/Git/detective-criminal-name-search/external_packages/solr-5.2.1/contrib/velocity/lib/commons-beanutils-1.8.3.jar' to classloader
INFO  - 2015-07-12 02:08:29.403; [   ] org.apache.solr.core.SolrResourceLoader; Adding 'file:/Users/admin/Documents/Development/Git/detective-criminal-name-search/external_packages/solr-5.2.1/contrib/velocity/lib/commons-collections-3.2.1.jar' to classloader
INFO  - 2015-07-12 02:08:29.404; [   ] org.apache.solr.core.SolrResourceLoader; Adding 'file:/Users/admin/Documents/Development/Git/detective-criminal-name-search/external_packages/solr-5.2.1/contrib/velocity/lib/velocity-1.7.jar' to classloader
INFO  - 2015-07-12 02:08:29.405; [   ] org.apache.solr.core.SolrResourceLoader; Adding 'file:/Users/admin/Documents/Development/Git/detective-criminal-name-search/external_packages/solr-5.2.1/contrib/velocity/lib/velocity-tools-2.0.jar' to classloader
INFO  - 2015-07-12 02:08:29.406; [   ] org.apache.solr.core.SolrResourceLoader; Adding 'file:/Users/admin/Documents/Development/Git/detective-criminal-name-search/external_packages/solr-5.2.1/dist/solr-velocity-5.2.1.jar' to classloader
INFO  - 2015-07-12 02:08:29.655; [   ] org.apache.solr.core.SolrConfig; Using Lucene MatchVersion: 5.2.1
INFO  - 2015-07-12 02:08:29.736; [   ] org.apache.solr.core.SolrConfig; Loaded SolrConfig: solrconfig.xml
INFO  - 2015-07-12 02:08:29.761; [   ] org.apache.solr.schema.IndexSchema; Reading Solr Schema from /Users/admin/Documents/Development/Git/detective-criminal-name-search/external_packages/solr-5.2.1/example/techproducts/solr/gettingstarted/conf/managed-schema
INFO  - 2015-07-12 02:08:29.802; [   ] org.apache.solr.schema.IndexSchema; [gettingstarted] Schema name=example-data-driven-schema
INFO  - 2015-07-12 02:08:30.207; [   ] org.apache.solr.schema.IndexSchema; unique key field: id
INFO  - 2015-07-12 02:08:30.298; [   ] org.apache.solr.schema.FileExchangeRateProvider; Reloading exchange rates from file currency.xml
INFO  - 2015-07-12 02:08:30.323; [   ] org.apache.solr.schema.FileExchangeRateProvider; Reloading exchange rates from file currency.xml
INFO  - 2015-07-12 02:08:30.360; [   ] org.apache.solr.core.CoreContainer; Creating SolrCore 'gettingstarted' using configuration from instancedir /Users/admin/Documents/Development/Git/detective-criminal-name-search/external_packages/solr-5.2.1/example/techproducts/solr/gettingstarted/
INFO  - 2015-07-12 02:08:30.360; [   gettingstarted] org.apache.solr.core.SolrCore; solr.NRTCachingDirectoryFactory
INFO  - 2015-07-12 02:08:30.361; [   gettingstarted] org.apache.solr.core.SolrCore; [[gettingstarted] ] Opening new SolrCore at [/Users/admin/Documents/Development/Git/detective-criminal-name-search/external_packages/solr-5.2.1/example/techproducts/solr/gettingstarted/], dataDir=[null]
INFO  - 2015-07-12 02:08:30.363; [   gettingstarted] org.apache.solr.core.JmxMonitoredMap; No JMX servers found, not exposing Solr information with JMX.
INFO  - 2015-07-12 02:08:30.364; [   gettingstarted] org.apache.solr.core.SolrCore; [[gettingstarted] ] Added SolrEventListener for newSearcher: [org.apache.solr.core.QuerySenderListener{queries=[]}]
INFO  - 2015-07-12 02:08:30.364; [   gettingstarted] org.apache.solr.core.SolrCore; [[gettingstarted] ] Added SolrEventListener for firstSearcher: [org.apache.solr.core.QuerySenderListener{queries=[]}]
INFO  - 2015-07-12 02:08:30.366; [   gettingstarted] org.apache.solr.core.CachingDirectoryFactory; return new directory for /Users/admin/Documents/Development/Git/detective-criminal-name-search/external_packages/solr-5.2.1/example/techproducts/solr/gettingstarted/data
INFO  - 2015-07-12 02:08:30.367; [   gettingstarted] org.apache.solr.core.SolrCore; New index directory detected: old=null new=/Users/admin/Documents/Development/Git/detective-criminal-name-search/external_packages/solr-5.2.1/example/techproducts/solr/gettingstarted/data/index/
WARN  - 2015-07-12 02:08:30.367; [   gettingstarted] org.apache.solr.core.SolrCore; [gettingstarted] Solr index directory '/Users/admin/Documents/Development/Git/detective-criminal-name-search/external_packages/solr-5.2.1/example/techproducts/solr/gettingstarted/data/index' doesn't exist. Creating new index...
INFO  - 2015-07-12 02:08:30.368; [   gettingstarted] org.apache.solr.core.CachingDirectoryFactory; return new directory for /Users/admin/Documents/Development/Git/detective-criminal-name-search/external_packages/solr-5.2.1/example/techproducts/solr/gettingstarted/data/index
INFO  - 2015-07-12 02:08:30.374; [   gettingstarted] org.apache.solr.core.SolrDeletionPolicy; SolrDeletionPolicy.onCommit: commits: num=1
	commit{dir=NRTCachingDirectory(MMapDirectory@/Users/admin/Documents/Development/Git/detective-criminal-name-search/external_packages/solr-5.2.1/example/techproducts/solr/gettingstarted/data/index lockFactory=org.apache.lucene.store.NativeFSLockFactory@491a139c; maxCacheMB=48.0 maxMergeSizeMB=4.0),segFN=segments_1,generation=1}
INFO  - 2015-07-12 02:08:30.374; [   gettingstarted] org.apache.solr.core.SolrDeletionPolicy; newest commit generation = 1
INFO  - 2015-07-12 02:08:30.375; [   gettingstarted] org.apache.solr.core.PluginBag; queryResponseWriter : 'velocity' created with startup=lazy 
INFO  - 2015-07-12 02:08:30.375; [   gettingstarted] org.apache.solr.response.XSLTResponseWriter; xsltCacheLifetimeSeconds=5
INFO  - 2015-07-12 02:08:30.382; [   gettingstarted] org.apache.solr.update.processor.UpdateRequestProcessorChain; creating updateRequestProcessorChain "add-unknown-fields-to-the-schema"
INFO  - 2015-07-12 02:08:30.471; [   gettingstarted] org.apache.solr.core.SolrCore; no updateRequestProcessorChain defined as default, creating implicit default
INFO  - 2015-07-12 02:08:30.474; [   gettingstarted] org.apache.solr.handler.loader.XMLLoader; xsltCacheLifetimeSeconds=60
INFO  - 2015-07-12 02:08:30.475; [   gettingstarted] org.apache.solr.handler.loader.XMLLoader; xsltCacheLifetimeSeconds=60
INFO  - 2015-07-12 02:08:30.476; [   gettingstarted] org.apache.solr.handler.loader.XMLLoader; xsltCacheLifetimeSeconds=60
INFO  - 2015-07-12 02:08:30.477; [   gettingstarted] org.apache.solr.handler.loader.XMLLoader; xsltCacheLifetimeSeconds=60
INFO  - 2015-07-12 02:08:30.532; [   gettingstarted] org.apache.solr.core.PluginBag; requestHandler : '/update/extract' created with startup=lazy 
INFO  - 2015-07-12 02:08:30.533; [   gettingstarted] org.apache.solr.core.PluginBag; requestHandler : '/analysis/field' created with startup=lazy 
INFO  - 2015-07-12 02:08:30.533; [   gettingstarted] org.apache.solr.core.PluginBag; requestHandler : '/analysis/document' created with startup=lazy 
INFO  - 2015-07-12 02:08:30.534; [   gettingstarted] org.apache.solr.core.PluginBag; requestHandler : '/spell' created with startup=lazy 
INFO  - 2015-07-12 02:08:30.534; [   gettingstarted] org.apache.solr.core.PluginBag; requestHandler : '/tvrh' created with startup=lazy 
INFO  - 2015-07-12 02:08:30.534; [   gettingstarted] org.apache.solr.core.PluginBag; requestHandler : '/terms' created with startup=lazy 
INFO  - 2015-07-12 02:08:30.535; [   gettingstarted] org.apache.solr.core.PluginBag; requestHandler : '/elevate' created with startup=lazy 
INFO  - 2015-07-12 02:08:30.535; [   gettingstarted] org.apache.solr.core.RequestHandlers; Registered paths: /admin/mbeans,/browse,/update/json/docs,/admin/luke,/export,/get,/admin/properties,/elevate,/update/json,/admin/threads,/query,/analysis/field,/analysis/document,/spell,/update/csv,/tvrh,/select,/admin/segments,/admin/system,/replication,/config,/stream,/schema,/admin/plugins,/admin/logging,/admin/ping,/update,/admin/file,/debug/dump,/terms,/update/extract
INFO  - 2015-07-12 02:08:30.537; [   gettingstarted] org.apache.solr.core.SolrCore; Using default statsCache cache: org.apache.solr.search.stats.LocalStatsCache
INFO  - 2015-07-12 02:08:30.539; [   gettingstarted] org.apache.solr.update.UpdateHandler; Using UpdateLog implementation: org.apache.solr.update.UpdateLog
INFO  - 2015-07-12 02:08:30.539; [   gettingstarted] org.apache.solr.update.UpdateLog; Initializing UpdateLog: dataDir= defaultSyncLevel=FLUSH numRecordsToKeep=100 maxNumLogsToKeep=10 numVersionBuckets=65536
INFO  - 2015-07-12 02:08:30.545; [   gettingstarted] org.apache.solr.update.CommitTracker; Hard AutoCommit: if uncommited for 15000ms; 
INFO  - 2015-07-12 02:08:30.545; [   gettingstarted] org.apache.solr.update.CommitTracker; Soft AutoCommit: disabled
INFO  - 2015-07-12 02:08:30.547; [   gettingstarted] org.apache.solr.core.SolrDeletionPolicy; SolrDeletionPolicy.onInit: commits: num=1
	commit{dir=NRTCachingDirectory(MMapDirectory@/Users/admin/Documents/Development/Git/detective-criminal-name-search/external_packages/solr-5.2.1/example/techproducts/solr/gettingstarted/data/index lockFactory=org.apache.lucene.store.NativeFSLockFactory@491a139c; maxCacheMB=48.0 maxMergeSizeMB=4.0),segFN=segments_1,generation=1}
INFO  - 2015-07-12 02:08:30.547; [   gettingstarted] org.apache.solr.core.SolrDeletionPolicy; newest commit generation = 1
INFO  - 2015-07-12 02:08:30.548; [   gettingstarted] org.apache.solr.search.SolrIndexSearcher; Opening Searcher@214f7085[gettingstarted] main
INFO  - 2015-07-12 02:08:30.548; [   gettingstarted] org.apache.solr.rest.ManagedResourceStorage$FileStorageIO; File-based storage initialized to use dir: /Users/admin/Documents/Development/Git/detective-criminal-name-search/external_packages/solr-5.2.1/example/techproducts/solr/gettingstarted/conf
INFO  - 2015-07-12 02:08:30.549; [   gettingstarted] org.apache.solr.rest.RestManager; Initializing RestManager with initArgs: {storageDir=/Users/admin/Documents/Development/Git/detective-criminal-name-search/external_packages/solr-5.2.1/example/techproducts/solr/gettingstarted/conf}
INFO  - 2015-07-12 02:08:30.549; [   gettingstarted] org.apache.solr.rest.ManagedResourceStorage; Reading _rest_managed.json using file:dir=/Users/admin/Documents/Development/Git/detective-criminal-name-search/external_packages/solr-5.2.1/example/techproducts/solr/gettingstarted/conf
INFO  - 2015-07-12 02:08:30.550; [   gettingstarted] org.apache.solr.rest.RestManager; Initializing 0 registered ManagedResources
INFO  - 2015-07-12 02:08:30.550; [   gettingstarted] org.apache.solr.handler.component.SpellCheckComponent; Initializing spell checkers
INFO  - 2015-07-12 02:08:30.550; [   gettingstarted] org.apache.solr.spelling.DirectSolrSpellChecker; init: {name=default,field=text,classname=solr.DirectSolrSpellChecker,distanceMeasure=internal,accuracy=0.5,maxEdits=2,minPrefix=1,maxInspections=5,minQueryLength=4,maxQueryFrequency=0.01}
INFO  - 2015-07-12 02:08:30.551; [   gettingstarted] org.apache.solr.handler.component.SpellCheckComponent; No queryConverter defined, using default converter
INFO  - 2015-07-12 02:08:30.552; [   gettingstarted] org.apache.solr.handler.component.QueryElevationComponent; Loading QueryElevation from: /Users/admin/Documents/Development/Git/detective-criminal-name-search/external_packages/solr-5.2.1/example/techproducts/solr/gettingstarted/conf/elevate.xml
INFO  - 2015-07-12 02:08:30.562; [   gettingstarted] org.apache.solr.handler.ReplicationHandler; Commits will be reserved for  10000
INFO  - 2015-07-12 02:08:30.563; [   gettingstarted] org.apache.solr.core.QuerySenderListener; QuerySenderListener sending requests to Searcher@214f7085[gettingstarted] main{ExitableDirectoryReader(UninvertingDirectoryReader())}
INFO  - 2015-07-12 02:08:30.563; [   gettingstarted] org.apache.solr.core.QuerySenderListener; QuerySenderListener done.
INFO  - 2015-07-12 02:08:30.563; [   gettingstarted] org.apache.solr.handler.component.SpellCheckComponent$SpellCheckerListener; Loading spell index for spellchecker: default
INFO  - 2015-07-12 02:08:30.563; [   gettingstarted] org.apache.solr.handler.component.SpellCheckComponent$SpellCheckerListener; Loading spell index for spellchecker: wordbreak
INFO  - 2015-07-12 02:08:30.564; [   gettingstarted] org.apache.solr.core.SolrCore; [gettingstarted] Registered new searcher Searcher@214f7085[gettingstarted] main{ExitableDirectoryReader(UninvertingDirectoryReader())}
INFO  - 2015-07-12 02:08:30.564; [   gettingstarted] org.apache.solr.update.UpdateLog; Looking up max value of version field to seed version buckets
INFO  - 2015-07-12 02:08:30.564; [   gettingstarted] org.apache.solr.update.VersionInfo; Refreshing highest value of _version_ for 65536 version buckets from index
INFO  - 2015-07-12 02:08:30.565; [   gettingstarted] org.apache.solr.update.VersionInfo; No terms found for _version_, cannot seed version bucket highest value from index
INFO  - 2015-07-12 02:08:30.565; [   gettingstarted] org.apache.solr.update.UpdateLog; Could not find max version in index or recent updates, using new clock 1506454442412605440
INFO  - 2015-07-12 02:08:30.567; [   gettingstarted] org.apache.solr.update.UpdateLog; Took 3 ms to seed version buckets with highest version 1506454442412605440
INFO  - 2015-07-12 02:08:30.568; [   gettingstarted] org.apache.solr.core.CoreContainer; registering core: gettingstarted
INFO  - 2015-07-12 02:08:30.569; [   gettingstarted] org.apache.solr.servlet.HttpSolrCall; [admin] webapp=null path=/admin/cores params={name=gettingstarted&action=CREATE&instanceDir=gettingstarted&wt=json} status=0 QTime=1288 
INFO  - 2015-07-12 02:08:40.725; [   ] org.apache.solr.servlet.HttpSolrCall; [admin] webapp=null path=/admin/cores params={indexInfo=false&wt=json&_=1436666920614} status=0 QTime=8 
INFO  - 2015-07-12 02:08:40.871; [   ] org.apache.solr.servlet.HttpSolrCall; [admin] webapp=null path=/admin/info/system params={wt=json&_=1436666920820} status=0 QTime=29 
ERROR - 2015-07-12 02:08:43.364; [   gettingstarted] org.apache.solr.handler.admin.ShowFileRequestHandler; Can not find: admin-extra.menu-top.html [/Users/admin/Documents/Development/Git/detective-criminal-name-search/external_packages/solr-5.2.1/example/techproducts/solr/gettingstarted/conf/admin-extra.menu-top.html]
INFO  - 2015-07-12 02:08:43.365; [   gettingstarted] org.apache.solr.core.SolrCore; [gettingstarted] webapp=/solr path=/admin/file params={file=admin-extra.menu-top.html&contentType=text/html;charset%3Dutf-8&_=1436666923320} status=404 QTime=2 
ERROR - 2015-07-12 02:08:43.380; [   gettingstarted] org.apache.solr.handler.admin.ShowFileRequestHandler; Can not find: admin-extra.menu-bottom.html [/Users/admin/Documents/Development/Git/detective-criminal-name-search/external_packages/solr-5.2.1/example/techproducts/solr/gettingstarted/conf/admin-extra.menu-bottom.html]
INFO  - 2015-07-12 02:08:43.381; [   gettingstarted] org.apache.solr.core.SolrCore; [gettingstarted] webapp=/solr path=/admin/file params={file=admin-extra.menu-bottom.html&contentType=text/html;charset%3Dutf-8&_=1436666923322} status=404 QTime=2 
INFO  - 2015-07-12 02:08:43.449; [   gettingstarted] org.apache.solr.core.SolrCore; [gettingstarted] webapp=/solr path=/admin/luke params={show=index&numTerms=0&wt=json&_=1436666923413} status=0 QTime=4 
INFO  - 2015-07-12 02:08:43.467; [   gettingstarted] org.apache.solr.core.SolrCore; [gettingstarted] webapp=/solr path=/replication params={wt=json&command=details&_=1436666923418} status=0 QTime=3 
INFO  - 2015-07-12 02:08:43.512; [   gettingstarted] org.apache.solr.core.SolrCore; [gettingstarted] webapp=/solr path=/admin/system params={wt=json&_=1436666923420} status=0 QTime=22 
ERROR - 2015-07-12 02:08:43.519; [   gettingstarted] org.apache.solr.handler.admin.ShowFileRequestHandler; Can not find: admin-extra.html [/Users/admin/Documents/Development/Git/detective-criminal-name-search/external_packages/solr-5.2.1/example/techproducts/solr/gettingstarted/conf/admin-extra.html]
INFO  - 2015-07-12 02:08:43.519; [   gettingstarted] org.apache.solr.core.SolrCore; [gettingstarted] webapp=/solr path=/admin/file params={file=admin-extra.html&_=1436666923425} status=404 QTime=1 
INFO  - 2015-07-12 02:08:43.538; [   gettingstarted] org.apache.solr.core.SolrCore; [gettingstarted] webapp=/solr path=/admin/ping params={action=status&wt=json&_=1436666923428} status=503 QTime=0 
INFO  - 2015-07-12 02:09:21.615; [   gettingstarted] org.apache.solr.schema.ManagedIndexSchema; Upgraded to managed schema at /Users/admin/Documents/Development/Git/detective-criminal-name-search/external_packages/solr-5.2.1/example/techproducts/solr/gettingstarted/conf/managed-schema
INFO  - 2015-07-12 02:09:21.636; [   gettingstarted] org.apache.solr.update.processor.LogUpdateProcessor; [gettingstarted] webapp=/solr path=/update params={} {add=[GB18030TEST (1506454495736889344)]} 0 237
INFO  - 2015-07-12 02:09:21.732; [   gettingstarted] org.apache.solr.schema.ManagedIndexSchema; Upgraded to managed schema at /Users/admin/Documents/Development/Git/detective-criminal-name-search/external_packages/solr-5.2.1/example/techproducts/solr/gettingstarted/conf/managed-schema
INFO  - 2015-07-12 02:09:21.745; [   gettingstarted] org.apache.solr.update.processor.LogUpdateProcessor; [gettingstarted] webapp=/solr path=/update params={} {add=[SP2514N (1506454495975964672), 6H500F0 (1506454496075579392)]} 0 99
INFO  - 2015-07-12 02:09:21.808; [   gettingstarted] org.apache.solr.schema.ManagedIndexSchema; Upgraded to managed schema at /Users/admin/Documents/Development/Git/detective-criminal-name-search/external_packages/solr-5.2.1/example/techproducts/solr/gettingstarted/conf/managed-schema
INFO  - 2015-07-12 02:09:21.814; [   gettingstarted] org.apache.solr.update.processor.LogUpdateProcessor; [gettingstarted] webapp=/solr path=/update params={} {add=[F8V7067-APL-KIT (1506454496085016576), IW-02 (1506454496147931136)]} 0 64
INFO  - 2015-07-12 02:09:21.869; [   gettingstarted] org.apache.solr.schema.ManagedIndexSchema; Upgraded to managed schema at /Users/admin/Documents/Development/Git/detective-criminal-name-search/external_packages/solr-5.2.1/example/techproducts/solr/gettingstarted/conf/managed-schema
INFO  - 2015-07-12 02:09:21.873; [   gettingstarted] org.apache.solr.update.processor.LogUpdateProcessor; [gettingstarted] webapp=/solr path=/update params={} {add=[MA147LL/A (1506454496157368320)]} 0 54
INFO  - 2015-07-12 02:09:21.889; [   gettingstarted] org.apache.solr.update.processor.LogUpdateProcessor; [gettingstarted] webapp=/solr path=/update params={} {add=[adata (1506454496220282880), apple (1506454496221331456), asus (1506454496222380032), ati (1506454496223428608), belkin (1506454496223428609), canon (1506454496224477184), corsair (1506454496225525760), dell (1506454496226574336), maxtor (1506454496226574337), samsung (1506454496227622912), ... (11 adds)]} 0 11
INFO  - 2015-07-12 02:09:21.937; [   gettingstarted] org.apache.solr.schema.ManagedIndexSchema; Upgraded to managed schema at /Users/admin/Documents/Development/Git/detective-criminal-name-search/external_packages/solr-5.2.1/example/techproducts/solr/gettingstarted/conf/managed-schema
INFO  - 2015-07-12 02:09:21.958; [   gettingstarted] org.apache.solr.update.processor.LogUpdateProcessor; [gettingstarted] webapp=/solr path=/update params={} {add=[TWINX2048-3200PRO (1506454496236011520), VS1GB400C3 (1506454496284246016), VDBDB1A16 (1506454496299974656)]} 0 64
INFO  - 2015-07-12 02:09:21.972; [   gettingstarted] org.apache.solr.update.processor.LogUpdateProcessor; [gettingstarted] webapp=/solr path=/update params={} {add=[USD (1506454496309411840), EUR (1506454496311508992), GBP (1506454496313606144), NOK (1506454496315703296)]} 0 8
INFO  - 2015-07-12 02:09:21.980; [   gettingstarted] org.apache.solr.update.processor.LogUpdateProcessor; [gettingstarted] webapp=/solr path=/update params={} {add=[3007WFP (1506454496323043328)]} 0 3
INFO  - 2015-07-12 02:09:21.987; [   gettingstarted] org.apache.solr.update.processor.LogUpdateProcessor; [gettingstarted] webapp=/solr path=/update params={} {add=[VA902B (1506454496330383360)]} 0 3
INFO  - 2015-07-12 02:09:21.993; [   gettingstarted] org.apache.solr.update.processor.LogUpdateProcessor; [gettingstarted] webapp=/solr path=/update params={} {add=[0579B002 (1506454496337723392)]} 0 3
INFO  - 2015-07-12 02:09:22.000; [   gettingstarted] org.apache.solr.update.processor.LogUpdateProcessor; [gettingstarted] webapp=/solr path=/update params={} {add=[9885A004 (1506454496344014848)]} 0 3
INFO  - 2015-07-12 02:09:22.007; [   gettingstarted] org.apache.solr.update.processor.LogUpdateProcessor; [gettingstarted] webapp=/solr path=/update params={} {add=[SOLR1000 (1506454496350306304)]} 0 4
INFO  - 2015-07-12 02:09:22.014; [   gettingstarted] org.apache.solr.update.processor.LogUpdateProcessor; [gettingstarted] webapp=/solr path=/update params={} {add=[UTF8TEST (1506454496358694912)]} 0 3
INFO  - 2015-07-12 02:09:22.025; [   gettingstarted] org.apache.solr.update.processor.LogUpdateProcessor; [gettingstarted] webapp=/solr path=/update params={} {add=[EN7800GTX/2DHTV/256M (1506454496366034944), 100-435805 (1506454496369180672)]} 0 8
INFO  - 2015-07-12 02:09:22.032; [   gettingstarted] org.apache.solr.update.DirectUpdateHandler2; start commit{,optimize=false,openSearcher=true,waitSearcher=true,expungeDeletes=false,softCommit=false,prepareCommit=false}
INFO  - 2015-07-12 02:09:22.065; [   gettingstarted] org.apache.solr.core.SolrDeletionPolicy; SolrDeletionPolicy.onCommit: commits: num=2
	commit{dir=NRTCachingDirectory(MMapDirectory@/Users/admin/Documents/Development/Git/detective-criminal-name-search/external_packages/solr-5.2.1/example/techproducts/solr/gettingstarted/data/index lockFactory=org.apache.lucene.store.NativeFSLockFactory@491a139c; maxCacheMB=48.0 maxMergeSizeMB=4.0),segFN=segments_1,generation=1}
	commit{dir=NRTCachingDirectory(MMapDirectory@/Users/admin/Documents/Development/Git/detective-criminal-name-search/external_packages/solr-5.2.1/example/techproducts/solr/gettingstarted/data/index lockFactory=org.apache.lucene.store.NativeFSLockFactory@491a139c; maxCacheMB=48.0 maxMergeSizeMB=4.0),segFN=segments_2,generation=2}
INFO  - 2015-07-12 02:09:22.065; [   gettingstarted] org.apache.solr.core.SolrDeletionPolicy; newest commit generation = 2
INFO  - 2015-07-12 02:09:22.074; [   gettingstarted] org.apache.solr.search.SolrIndexSearcher; Opening Searcher@2846852b[gettingstarted] main
INFO  - 2015-07-12 02:09:22.076; [   gettingstarted] org.apache.solr.update.DirectUpdateHandler2; end_commit_flush
INFO  - 2015-07-12 02:09:22.076; [   gettingstarted] org.apache.solr.core.QuerySenderListener; QuerySenderListener sending requests to Searcher@2846852b[gettingstarted] main{ExitableDirectoryReader(UninvertingDirectoryReader(Uninverting(_0(5.2.1):C32)))}
INFO  - 2015-07-12 02:09:22.077; [   gettingstarted] org.apache.solr.core.QuerySenderListener; QuerySenderListener done.
INFO  - 2015-07-12 02:09:22.077; [   gettingstarted] org.apache.solr.core.SolrCore; [gettingstarted] Registered new searcher Searcher@2846852b[gettingstarted] main{ExitableDirectoryReader(UninvertingDirectoryReader(Uninverting(_0(5.2.1):C32)))}
INFO  - 2015-07-12 02:09:22.077; [   gettingstarted] org.apache.solr.update.processor.LogUpdateProcessor; [gettingstarted] webapp=/solr path=/update params={commit=true} {commit=} 0 45
INFO  - 2015-07-12 02:10:57.560; [   techproducts] org.apache.solr.core.SolrCore; [techproducts] webapp=/solr path=/admin/luke params={show=index&numTerms=0&wt=json&_=1436667057518} status=0 QTime=13 
INFO  - 2015-07-12 02:10:57.586; [   techproducts] org.apache.solr.core.SolrCore; [techproducts] webapp=/solr path=/replication params={wt=json&command=details&_=1436667057523} status=0 QTime=5 
INFO  - 2015-07-12 02:10:57.646; [   techproducts] org.apache.solr.core.SolrCore; [techproducts] webapp=/solr path=/admin/file params={file=admin-extra.html&_=1436667057527} status=0 QTime=1 
INFO  - 2015-07-12 02:10:57.651; [   techproducts] org.apache.solr.core.SolrCore; [techproducts] webapp=/solr path=/admin/system params={wt=json&_=1436667057525} status=0 QTime=39 
INFO  - 2015-07-12 02:10:57.673; [   techproducts] org.apache.solr.core.SolrCore; [techproducts] webapp=/solr path=/admin/ping params={action=status&wt=json&_=1436667057529} status=503 QTime=0 
INFO  - 2015-07-12 02:10:58.737; [   gettingstarted] org.apache.solr.core.SolrCore; [gettingstarted] webapp=/solr path=/admin/luke params={show=index&numTerms=0&wt=json&_=1436667058696} status=0 QTime=1 
INFO  - 2015-07-12 02:10:58.763; [   gettingstarted] org.apache.solr.core.SolrCore; [gettingstarted] webapp=/solr path=/replication params={wt=json&command=details&_=1436667058700} status=0 QTime=2 
INFO  - 2015-07-12 02:10:58.810; [   gettingstarted] org.apache.solr.core.SolrCore; [gettingstarted] webapp=/solr path=/admin/system params={wt=json&_=1436667058702} status=0 QTime=17 
ERROR - 2015-07-12 02:10:58.818; [   gettingstarted] org.apache.solr.handler.admin.ShowFileRequestHandler; Can not find: admin-extra.html [/Users/admin/Documents/Development/Git/detective-criminal-name-search/external_packages/solr-5.2.1/example/techproducts/solr/gettingstarted/conf/admin-extra.html]
INFO  - 2015-07-12 02:10:58.823; [   gettingstarted] org.apache.solr.core.SolrCore; [gettingstarted] webapp=/solr path=/admin/file params={file=admin-extra.html&_=1436667058704} status=404 QTime=6 
INFO  - 2015-07-12 02:10:58.864; [   gettingstarted] org.apache.solr.core.SolrCore; [gettingstarted] webapp=/solr path=/admin/ping params={action=status&wt=json&_=1436667058707} status=503 QTime=0 
INFO  - 2015-07-12 02:11:00.645; [   ] org.apache.solr.servlet.HttpSolrCall; [admin] webapp=null path=/admin/cores params={indexInfo=false&wt=json&_=1436667060617} status=0 QTime=1 
INFO  - 2015-07-12 02:11:00.798; [   ] org.apache.solr.servlet.HttpSolrCall; [admin] webapp=null path=/admin/info/system params={wt=json&_=1436667060760} status=0 QTime=16 
ERROR - 2015-07-12 02:11:00.860; [   gettingstarted] org.apache.solr.handler.admin.ShowFileRequestHandler; Can not find: admin-extra.menu-top.html [/Users/admin/Documents/Development/Git/detective-criminal-name-search/external_packages/solr-5.2.1/example/techproducts/solr/gettingstarted/conf/admin-extra.menu-top.html]
INFO  - 2015-07-12 02:11:00.860; [   gettingstarted] org.apache.solr.core.SolrCore; [gettingstarted] webapp=/solr path=/admin/file params={file=admin-extra.menu-top.html&contentType=text/html;charset%3Dutf-8&_=1436667060831} status=404 QTime=1 
ERROR - 2015-07-12 02:11:00.882; [   gettingstarted] org.apache.solr.handler.admin.ShowFileRequestHandler; Can not find: admin-extra.menu-bottom.html [/Users/admin/Documents/Development/Git/detective-criminal-name-search/external_packages/solr-5.2.1/example/techproducts/solr/gettingstarted/conf/admin-extra.menu-bottom.html]
INFO  - 2015-07-12 02:11:00.883; [   gettingstarted] org.apache.solr.core.SolrCore; [gettingstarted] webapp=/solr path=/admin/file params={file=admin-extra.menu-bottom.html&contentType=text/html;charset%3Dutf-8&_=1436667060833} status=404 QTime=1 
INFO  - 2015-07-12 02:11:00.948; [   gettingstarted] org.apache.solr.core.SolrCore; [gettingstarted] webapp=/solr path=/admin/luke params={show=index&numTerms=0&wt=json&_=1436667060906} status=0 QTime=0 
INFO  - 2015-07-12 02:11:00.968; [   gettingstarted] org.apache.solr.core.SolrCore; [gettingstarted] webapp=/solr path=/replication params={wt=json&command=details&_=1436667060913} status=0 QTime=2 
INFO  - 2015-07-12 02:11:01.007; [   gettingstarted] org.apache.solr.core.SolrCore; [gettingstarted] webapp=/solr path=/admin/system params={wt=json&_=1436667060915} status=0 QTime=24 
ERROR - 2015-07-12 02:11:01.023; [   gettingstarted] org.apache.solr.handler.admin.ShowFileRequestHandler; Can not find: admin-extra.html [/Users/admin/Documents/Development/Git/detective-criminal-name-search/external_packages/solr-5.2.1/example/techproducts/solr/gettingstarted/conf/admin-extra.html]
INFO  - 2015-07-12 02:11:01.023; [   gettingstarted] org.apache.solr.core.SolrCore; [gettingstarted] webapp=/solr path=/admin/file params={file=admin-extra.html&_=1436667060918} status=404 QTime=0 
INFO  - 2015-07-12 02:11:01.040; [   gettingstarted] org.apache.solr.core.SolrCore; [gettingstarted] webapp=/solr path=/admin/ping params={action=status&wt=json&_=1436667060921} status=503 QTime=0 
INFO  - 2015-07-12 02:11:08.575; [   gettingstarted] org.apache.solr.core.SolrCore; [gettingstarted] webapp=/solr path=/select params={q=DiamondMax&indent=true&wt=json&_=1436667068518} hits=1 status=0 QTime=29 
INFO  - 2015-07-12 02:11:30.800; [   gettingstarted] org.apache.solr.core.SolrCore; [gettingstarted] webapp=/solr path=/select params={q=video} hits=3 status=0 QTime=12 
INFO  - 2015-07-12 02:13:29.006; [   gettingstarted] org.apache.solr.core.SolrCore; [gettingstarted] webapp=/solr path=/select params={q=video&fl=id,name,price} hits=3 status=0 QTime=18 
INFO  - 2015-07-12 02:13:37.046; [   gettingstarted] org.apache.solr.core.SolrCore; [gettingstarted] webapp=/solr path=/select params={q=name:black} hits=0 status=0 QTime=3 
INFO  - 2015-07-12 02:13:50.227; [   gettingstarted] org.apache.solr.core.SolrCore; [gettingstarted] webapp=/solr path=/select params={q=price:[0+TO+400]&fl=id,name,price} hits=13 status=0 QTime=39 
INFO  - 2015-07-12 02:14:49.978; [   gettingstarted] org.apache.solr.core.SolrCore; [gettingstarted] webapp=/solr path=/select params={q=price:[0+TO+400]&facet.field=cat&fl=id,name,price&facet=true} hits=13 status=0 QTime=113 
INFO  - 2015-07-12 02:59:09.420; [   ] org.apache.solr.servlet.HttpSolrCall; [admin] webapp=null path=/admin/info/system params={wt=json} status=0 QTime=38 
