INFO  - 2015-08-30 19:16:41.066; [   ] org.apache.solr.common.cloud.ZkStateReader$7; A cluster state change: WatchedEvent state:SyncConnected type:NodeDataChanged path:/collections/gettingstarted/state.json for collection gettingstarted has occurred - updating... (live nodes size: 2)
INFO  - 2015-08-30 19:16:41.066; [   ] org.apache.solr.common.cloud.ZkStateReader$7; A cluster state change: WatchedEvent state:SyncConnected type:NodeDataChanged path:/collections/gettingstarted/state.json for collection gettingstarted has occurred - updating... (live nodes size: 2)
INFO  - 2015-08-30 19:16:41.038; [gettingstarted shard2  ] org.apache.solr.cloud.RecoveryStrategy; Sending prep recovery command to http://192.168.2.243:8983/solr; WaitForState: action=PREPRECOVERY&core=gettingstarted_shard2_replica1&nodeName=192.168.2.243%3A7574_solr&coreNodeName=core_node1&state=recovering&checkLive=true&onlyIfLeader=true&onlyIfLeaderActive=true
INFO  - 2015-08-30 19:16:41.138; [   ] org.apache.solr.common.cloud.ZkStateReader; Updating data for gettingstarted to ver 1334 
INFO  - 2015-08-30 19:16:41.158; [   ] org.apache.solr.common.cloud.ZkStateReader; Updating data for gettingstarted to ver 1334 
ERROR - 2015-08-30 19:17:11.052; [gettingstarted shard1  ] org.apache.solr.common.SolrException; Error while trying to recover. core=gettingstarted_shard1_replica2:java.util.concurrent.ExecutionException: org.apache.solr.client.solrj.SolrServerException: IOException occured when talking to server at: http://192.168.2.243:8983/solr
	at java.util.concurrent.FutureTask.report(FutureTask.java:122)
	at java.util.concurrent.FutureTask.get(FutureTask.java:192)
	at org.apache.solr.cloud.RecoveryStrategy.sendPrepRecoveryCmd(RecoveryStrategy.java:601)
	at org.apache.solr.cloud.RecoveryStrategy.doRecovery(RecoveryStrategy.java:364)
	at org.apache.solr.cloud.RecoveryStrategy.run(RecoveryStrategy.java:229)
Caused by: org.apache.solr.client.solrj.SolrServerException: IOException occured when talking to server at: http://192.168.2.243:8983/solr
	at org.apache.solr.client.solrj.impl.HttpSolrClient.executeMethod(HttpSolrClient.java:574)
	at org.apache.solr.client.solrj.impl.HttpSolrClient$1.call(HttpSolrClient.java:271)
	at org.apache.solr.client.solrj.impl.HttpSolrClient$1.call(HttpSolrClient.java:267)
	at java.util.concurrent.FutureTask.run(FutureTask.java:266)
	at org.apache.solr.common.util.ExecutorUtil$MDCAwareThreadPoolExecutor$1.run(ExecutorUtil.java:148)
	at java.util.concurrent.ThreadPoolExecutor.runWorker(ThreadPoolExecutor.java:1142)
	at java.util.concurrent.ThreadPoolExecutor$Worker.run(ThreadPoolExecutor.java:617)
	at java.lang.Thread.run(Thread.java:745)
Caused by: org.apache.http.conn.ConnectTimeoutException: Connect to 192.168.2.243:8983 timed out
	at org.apache.http.conn.scheme.PlainSocketFactory.connectSocket(PlainSocketFactory.java:119)
	at org.apache.http.impl.conn.DefaultClientConnectionOperator.openConnection(DefaultClientConnectionOperator.java:177)
	at org.apache.http.impl.conn.ManagedClientConnectionImpl.open(ManagedClientConnectionImpl.java:304)
	at org.apache.http.impl.client.DefaultRequestDirector.tryConnect(DefaultRequestDirector.java:611)
	at org.apache.http.impl.client.DefaultRequestDirector.execute(DefaultRequestDirector.java:446)
	at org.apache.http.impl.client.AbstractHttpClient.doExecute(AbstractHttpClient.java:882)
	at org.apache.http.impl.client.CloseableHttpClient.execute(CloseableHttpClient.java:82)
	at org.apache.http.impl.client.CloseableHttpClient.execute(CloseableHttpClient.java:107)
	at org.apache.http.impl.client.CloseableHttpClient.execute(CloseableHttpClient.java:55)
	at org.apache.solr.client.solrj.impl.HttpSolrClient.executeMethod(HttpSolrClient.java:466)
	... 7 more

ERROR - 2015-08-30 19:17:11.056; [gettingstarted shard1  ] org.apache.solr.cloud.RecoveryStrategy; Recovery failed - trying again... (19) core=gettingstarted_shard1_replica2
INFO  - 2015-08-30 19:17:11.057; [gettingstarted shard1  ] org.apache.solr.cloud.RecoveryStrategy; Wait 60.0 seconds before trying to recover again (20)
ERROR - 2015-08-30 19:17:11.063; [gettingstarted shard2  ] org.apache.solr.common.SolrException; Error while trying to recover. core=gettingstarted_shard2_replica2:java.util.concurrent.ExecutionException: org.apache.solr.client.solrj.SolrServerException: IOException occured when talking to server at: http://192.168.2.243:8983/solr
	at java.util.concurrent.FutureTask.report(FutureTask.java:122)
	at java.util.concurrent.FutureTask.get(FutureTask.java:192)
	at org.apache.solr.cloud.RecoveryStrategy.sendPrepRecoveryCmd(RecoveryStrategy.java:601)
	at org.apache.solr.cloud.RecoveryStrategy.doRecovery(RecoveryStrategy.java:364)
	at org.apache.solr.cloud.RecoveryStrategy.run(RecoveryStrategy.java:229)
Caused by: org.apache.solr.client.solrj.SolrServerException: IOException occured when talking to server at: http://192.168.2.243:8983/solr
	at org.apache.solr.client.solrj.impl.HttpSolrClient.executeMethod(HttpSolrClient.java:574)
	at org.apache.solr.client.solrj.impl.HttpSolrClient$1.call(HttpSolrClient.java:271)
	at org.apache.solr.client.solrj.impl.HttpSolrClient$1.call(HttpSolrClient.java:267)
	at java.util.concurrent.FutureTask.run(FutureTask.java:266)
	at org.apache.solr.common.util.ExecutorUtil$MDCAwareThreadPoolExecutor$1.run(ExecutorUtil.java:148)
	at java.util.concurrent.ThreadPoolExecutor.runWorker(ThreadPoolExecutor.java:1142)
	at java.util.concurrent.ThreadPoolExecutor$Worker.run(ThreadPoolExecutor.java:617)
	at java.lang.Thread.run(Thread.java:745)
Caused by: org.apache.http.conn.ConnectTimeoutException: Connect to 192.168.2.243:8983 timed out
	at org.apache.http.conn.scheme.PlainSocketFactory.connectSocket(PlainSocketFactory.java:119)
	at org.apache.http.impl.conn.DefaultClientConnectionOperator.openConnection(DefaultClientConnectionOperator.java:177)
	at org.apache.http.impl.conn.ManagedClientConnectionImpl.open(ManagedClientConnectionImpl.java:304)
	at org.apache.http.impl.client.DefaultRequestDirector.tryConnect(DefaultRequestDirector.java:611)
	at org.apache.http.impl.client.DefaultRequestDirector.execute(DefaultRequestDirector.java:446)
	at org.apache.http.impl.client.AbstractHttpClient.doExecute(AbstractHttpClient.java:882)
	at org.apache.http.impl.client.CloseableHttpClient.execute(CloseableHttpClient.java:82)
	at org.apache.http.impl.client.CloseableHttpClient.execute(CloseableHttpClient.java:107)
	at org.apache.http.impl.client.CloseableHttpClient.execute(CloseableHttpClient.java:55)
	at org.apache.solr.client.solrj.impl.HttpSolrClient.executeMethod(HttpSolrClient.java:466)
	... 7 more

ERROR - 2015-08-30 19:17:11.068; [gettingstarted shard2  ] org.apache.solr.cloud.RecoveryStrategy; Recovery failed - trying again... (19) core=gettingstarted_shard2_replica2
INFO  - 2015-08-30 19:17:11.068; [gettingstarted shard2  ] org.apache.solr.cloud.RecoveryStrategy; Wait 60.0 seconds before trying to recover again (20)
INFO  - 2015-08-30 19:22:11.265; [gettingstarted shard1  ] org.apache.solr.cloud.RecoveryStrategy; Publishing state of core gettingstarted_shard1_replica2 as recovering, leader is http://192.168.2.243:8983/solr/gettingstarted_shard1_replica1/ and I am http://192.168.2.243:7574/solr/gettingstarted_shard1_replica2/
INFO  - 2015-08-30 19:22:11.270; [gettingstarted shard1  gettingstarted_shard1_replica2] org.apache.solr.cloud.ZkController; publishing core=gettingstarted_shard1_replica2 state=recovering collection=gettingstarted
INFO  - 2015-08-30 19:22:11.278; [gettingstarted shard2  ] org.apache.solr.cloud.RecoveryStrategy; Publishing state of core gettingstarted_shard2_replica2 as recovering, leader is http://192.168.2.243:8983/solr/gettingstarted_shard2_replica1/ and I am http://192.168.2.243:7574/solr/gettingstarted_shard2_replica2/
INFO  - 2015-08-30 19:22:11.278; [gettingstarted shard2  gettingstarted_shard2_replica2] org.apache.solr.cloud.ZkController; publishing core=gettingstarted_shard2_replica2 state=recovering collection=gettingstarted
INFO  - 2015-08-30 19:22:11.330; [gettingstarted shard1  ] org.apache.solr.cloud.RecoveryStrategy; Sending prep recovery command to http://192.168.2.243:8983/solr; WaitForState: action=PREPRECOVERY&core=gettingstarted_shard1_replica1&nodeName=192.168.2.243%3A7574_solr&coreNodeName=core_node2&state=recovering&checkLive=true&onlyIfLeader=true&onlyIfLeaderActive=true
INFO  - 2015-08-30 19:22:11.342; [gettingstarted shard2  ] org.apache.solr.cloud.RecoveryStrategy; Sending prep recovery command to http://192.168.2.243:8983/solr; WaitForState: action=PREPRECOVERY&core=gettingstarted_shard2_replica1&nodeName=192.168.2.243%3A7574_solr&coreNodeName=core_node1&state=recovering&checkLive=true&onlyIfLeader=true&onlyIfLeaderActive=true
INFO  - 2015-08-30 19:22:11.407; [   ] org.apache.solr.common.cloud.ZkStateReader$7; A cluster state change: WatchedEvent state:SyncConnected type:NodeDataChanged path:/collections/gettingstarted/state.json for collection gettingstarted has occurred - updating... (live nodes size: 2)
INFO  - 2015-08-30 19:22:11.410; [   ] org.apache.solr.common.cloud.ZkStateReader$7; A cluster state change: WatchedEvent state:SyncConnected type:NodeDataChanged path:/collections/gettingstarted/state.json for collection gettingstarted has occurred - updating... (live nodes size: 2)
INFO  - 2015-08-30 19:22:11.429; [   ] org.apache.solr.common.cloud.ZkStateReader; Updating data for gettingstarted to ver 1336 
INFO  - 2015-08-30 19:22:11.440; [   ] org.apache.solr.common.cloud.ZkStateReader; Updating data for gettingstarted to ver 1336 
ERROR - 2015-08-30 19:22:11.469; [gettingstarted shard2  ] org.apache.solr.common.SolrException; Error while trying to recover. core=gettingstarted_shard2_replica2:java.util.concurrent.ExecutionException: org.apache.solr.client.solrj.SolrServerException: Server refused connection at: http://192.168.2.243:8983/solr
	at java.util.concurrent.FutureTask.report(FutureTask.java:122)
	at java.util.concurrent.FutureTask.get(FutureTask.java:192)
	at org.apache.solr.cloud.RecoveryStrategy.sendPrepRecoveryCmd(RecoveryStrategy.java:601)
	at org.apache.solr.cloud.RecoveryStrategy.doRecovery(RecoveryStrategy.java:364)
	at org.apache.solr.cloud.RecoveryStrategy.run(RecoveryStrategy.java:229)
Caused by: org.apache.solr.client.solrj.SolrServerException: Server refused connection at: http://192.168.2.243:8983/solr
	at org.apache.solr.client.solrj.impl.HttpSolrClient.executeMethod(HttpSolrClient.java:567)
	at org.apache.solr.client.solrj.impl.HttpSolrClient$1.call(HttpSolrClient.java:271)
	at org.apache.solr.client.solrj.impl.HttpSolrClient$1.call(HttpSolrClient.java:267)
	at java.util.concurrent.FutureTask.run(FutureTask.java:266)
	at org.apache.solr.common.util.ExecutorUtil$MDCAwareThreadPoolExecutor$1.run(ExecutorUtil.java:148)
	at java.util.concurrent.ThreadPoolExecutor.runWorker(ThreadPoolExecutor.java:1142)
	at java.util.concurrent.ThreadPoolExecutor$Worker.run(ThreadPoolExecutor.java:617)
	at java.lang.Thread.run(Thread.java:745)
Caused by: java.net.ConnectException: Connection refused
	at java.net.PlainSocketImpl.socketConnect(Native Method)
	at java.net.AbstractPlainSocketImpl.doConnect(AbstractPlainSocketImpl.java:345)
	at java.net.AbstractPlainSocketImpl.connectToAddress(AbstractPlainSocketImpl.java:206)
	at java.net.AbstractPlainSocketImpl.connect(AbstractPlainSocketImpl.java:188)
	at java.net.SocksSocketImpl.connect(SocksSocketImpl.java:392)
	at java.net.Socket.connect(Socket.java:589)
	at org.apache.http.conn.scheme.PlainSocketFactory.connectSocket(PlainSocketFactory.java:117)
	at org.apache.http.impl.conn.DefaultClientConnectionOperator.openConnection(DefaultClientConnectionOperator.java:177)
	at org.apache.http.impl.conn.ManagedClientConnectionImpl.open(ManagedClientConnectionImpl.java:304)
	at org.apache.http.impl.client.DefaultRequestDirector.tryConnect(DefaultRequestDirector.java:611)
	at org.apache.http.impl.client.DefaultRequestDirector.execute(DefaultRequestDirector.java:446)
	at org.apache.http.impl.client.AbstractHttpClient.doExecute(AbstractHttpClient.java:882)
	at org.apache.http.impl.client.CloseableHttpClient.execute(CloseableHttpClient.java:82)
	at org.apache.http.impl.client.CloseableHttpClient.execute(CloseableHttpClient.java:107)
	at org.apache.http.impl.client.CloseableHttpClient.execute(CloseableHttpClient.java:55)
	at org.apache.solr.client.solrj.impl.HttpSolrClient.executeMethod(HttpSolrClient.java:466)
	... 7 more

ERROR - 2015-08-30 19:22:11.476; [gettingstarted shard1  ] org.apache.solr.common.SolrException; Error while trying to recover. core=gettingstarted_shard1_replica2:java.util.concurrent.ExecutionException: org.apache.solr.client.solrj.SolrServerException: Server refused connection at: http://192.168.2.243:8983/solr
	at java.util.concurrent.FutureTask.report(FutureTask.java:122)
	at java.util.concurrent.FutureTask.get(FutureTask.java:192)
	at org.apache.solr.cloud.RecoveryStrategy.sendPrepRecoveryCmd(RecoveryStrategy.java:601)
	at org.apache.solr.cloud.RecoveryStrategy.doRecovery(RecoveryStrategy.java:364)
	at org.apache.solr.cloud.RecoveryStrategy.run(RecoveryStrategy.java:229)
Caused by: org.apache.solr.client.solrj.SolrServerException: Server refused connection at: http://192.168.2.243:8983/solr
	at org.apache.solr.client.solrj.impl.HttpSolrClient.executeMethod(HttpSolrClient.java:567)
	at org.apache.solr.client.solrj.impl.HttpSolrClient$1.call(HttpSolrClient.java:271)
	at org.apache.solr.client.solrj.impl.HttpSolrClient$1.call(HttpSolrClient.java:267)
	at java.util.concurrent.FutureTask.run(FutureTask.java:266)
	at org.apache.solr.common.util.ExecutorUtil$MDCAwareThreadPoolExecutor$1.run(ExecutorUtil.java:148)
	at java.util.concurrent.ThreadPoolExecutor.runWorker(ThreadPoolExecutor.java:1142)
	at java.util.concurrent.ThreadPoolExecutor$Worker.run(ThreadPoolExecutor.java:617)
	at java.lang.Thread.run(Thread.java:745)
Caused by: java.net.ConnectException: Connection refused
	at java.net.PlainSocketImpl.socketConnect(Native Method)
	at java.net.AbstractPlainSocketImpl.doConnect(AbstractPlainSocketImpl.java:345)
	at java.net.AbstractPlainSocketImpl.connectToAddress(AbstractPlainSocketImpl.java:206)
	at java.net.AbstractPlainSocketImpl.connect(AbstractPlainSocketImpl.java:188)
	at java.net.SocksSocketImpl.connect(SocksSocketImpl.java:392)
	at java.net.Socket.connect(Socket.java:589)
	at org.apache.http.conn.scheme.PlainSocketFactory.connectSocket(PlainSocketFactory.java:117)
	at org.apache.http.impl.conn.DefaultClientConnectionOperator.openConnection(DefaultClientConnectionOperator.java:177)
	at org.apache.http.impl.conn.ManagedClientConnectionImpl.open(ManagedClientConnectionImpl.java:304)
	at org.apache.http.impl.client.DefaultRequestDirector.tryConnect(DefaultRequestDirector.java:611)
	at org.apache.http.impl.client.DefaultRequestDirector.execute(DefaultRequestDirector.java:446)
	at org.apache.http.impl.client.AbstractHttpClient.doExecute(AbstractHttpClient.java:882)
	at org.apache.http.impl.client.CloseableHttpClient.execute(CloseableHttpClient.java:82)
	at org.apache.http.impl.client.CloseableHttpClient.execute(CloseableHttpClient.java:107)
	at org.apache.http.impl.client.CloseableHttpClient.execute(CloseableHttpClient.java:55)
	at org.apache.solr.client.solrj.impl.HttpSolrClient.executeMethod(HttpSolrClient.java:466)
	... 7 more

ERROR - 2015-08-30 19:22:11.482; [gettingstarted shard1  ] org.apache.solr.cloud.RecoveryStrategy; Recovery failed - trying again... (20) core=gettingstarted_shard1_replica2
ERROR - 2015-08-30 19:22:11.481; [gettingstarted shard2  ] org.apache.solr.cloud.RecoveryStrategy; Recovery failed - trying again... (20) core=gettingstarted_shard2_replica2
INFO  - 2015-08-30 19:22:11.485; [gettingstarted shard1  ] org.apache.solr.cloud.RecoveryStrategy; Wait 60.0 seconds before trying to recover again (21)
INFO  - 2015-08-30 19:22:11.488; [gettingstarted shard2  ] org.apache.solr.cloud.RecoveryStrategy; Wait 60.0 seconds before trying to recover again (21)
INFO  - 2015-08-30 19:27:11.689; [gettingstarted shard2  ] org.apache.solr.cloud.RecoveryStrategy; Publishing state of core gettingstarted_shard2_replica2 as recovering, leader is http://192.168.2.243:8983/solr/gettingstarted_shard2_replica1/ and I am http://192.168.2.243:7574/solr/gettingstarted_shard2_replica2/
INFO  - 2015-08-30 19:27:11.689; [gettingstarted shard1  ] org.apache.solr.cloud.RecoveryStrategy; Publishing state of core gettingstarted_shard1_replica2 as recovering, leader is http://192.168.2.243:8983/solr/gettingstarted_shard1_replica1/ and I am http://192.168.2.243:7574/solr/gettingstarted_shard1_replica2/
INFO  - 2015-08-30 19:27:11.698; [gettingstarted shard2  gettingstarted_shard2_replica2] org.apache.solr.cloud.ZkController; publishing core=gettingstarted_shard2_replica2 state=recovering collection=gettingstarted
INFO  - 2015-08-30 19:27:11.700; [gettingstarted shard1  gettingstarted_shard1_replica2] org.apache.solr.cloud.ZkController; publishing core=gettingstarted_shard1_replica2 state=recovering collection=gettingstarted
INFO  - 2015-08-30 19:27:11.752; [gettingstarted shard2  ] org.apache.solr.cloud.RecoveryStrategy; Sending prep recovery command to http://192.168.2.243:8983/solr; WaitForState: action=PREPRECOVERY&core=gettingstarted_shard2_replica1&nodeName=192.168.2.243%3A7574_solr&coreNodeName=core_node1&state=recovering&checkLive=true&onlyIfLeader=true&onlyIfLeaderActive=true
INFO  - 2015-08-30 19:27:11.754; [gettingstarted shard1  ] org.apache.solr.cloud.RecoveryStrategy; Sending prep recovery command to http://192.168.2.243:8983/solr; WaitForState: action=PREPRECOVERY&core=gettingstarted_shard1_replica1&nodeName=192.168.2.243%3A7574_solr&coreNodeName=core_node2&state=recovering&checkLive=true&onlyIfLeader=true&onlyIfLeaderActive=true
INFO  - 2015-08-30 19:27:11.783; [   ] org.apache.solr.common.cloud.ZkStateReader$7; A cluster state change: WatchedEvent state:SyncConnected type:NodeDataChanged path:/collections/gettingstarted/state.json for collection gettingstarted has occurred - updating... (live nodes size: 2)
INFO  - 2015-08-30 19:27:11.792; [   ] org.apache.solr.common.cloud.ZkStateReader$7; A cluster state change: WatchedEvent state:SyncConnected type:NodeDataChanged path:/collections/gettingstarted/state.json for collection gettingstarted has occurred - updating... (live nodes size: 2)
INFO  - 2015-08-30 19:27:11.795; [   ] org.apache.solr.common.cloud.ZkStateReader; Updating data for gettingstarted to ver 1337 
INFO  - 2015-08-30 19:27:11.806; [   ] org.apache.solr.common.cloud.ZkStateReader$7; A cluster state change: WatchedEvent state:SyncConnected type:NodeDataChanged path:/collections/gettingstarted/state.json for collection gettingstarted has occurred - updating... (live nodes size: 2)
INFO  - 2015-08-30 19:27:11.811; [   ] org.apache.solr.common.cloud.ZkStateReader; Updating data for gettingstarted to ver 1337 
INFO  - 2015-08-30 19:27:11.826; [   ] org.apache.solr.common.cloud.ZkStateReader; Updating data for gettingstarted to ver 1338 
INFO  - 2015-08-30 19:27:11.828; [   ] org.apache.solr.common.cloud.ZkStateReader$7; A cluster state change: WatchedEvent state:SyncConnected type:NodeDataChanged path:/collections/gettingstarted/state.json for collection gettingstarted has occurred - updating... (live nodes size: 2)
INFO  - 2015-08-30 19:27:11.835; [   ] org.apache.solr.common.cloud.ZkStateReader; Updating data for gettingstarted to ver 1338 
ERROR - 2015-08-30 19:27:11.912; [gettingstarted shard2  ] org.apache.solr.common.SolrException; Error while trying to recover. core=gettingstarted_shard2_replica2:java.util.concurrent.ExecutionException: org.apache.solr.client.solrj.SolrServerException: Server refused connection at: http://192.168.2.243:8983/solr
	at java.util.concurrent.FutureTask.report(FutureTask.java:122)
	at java.util.concurrent.FutureTask.get(FutureTask.java:192)
	at org.apache.solr.cloud.RecoveryStrategy.sendPrepRecoveryCmd(RecoveryStrategy.java:601)
	at org.apache.solr.cloud.RecoveryStrategy.doRecovery(RecoveryStrategy.java:364)
	at org.apache.solr.cloud.RecoveryStrategy.run(RecoveryStrategy.java:229)
Caused by: org.apache.solr.client.solrj.SolrServerException: Server refused connection at: http://192.168.2.243:8983/solr
	at org.apache.solr.client.solrj.impl.HttpSolrClient.executeMethod(HttpSolrClient.java:567)
	at org.apache.solr.client.solrj.impl.HttpSolrClient$1.call(HttpSolrClient.java:271)
	at org.apache.solr.client.solrj.impl.HttpSolrClient$1.call(HttpSolrClient.java:267)
	at java.util.concurrent.FutureTask.run(FutureTask.java:266)
	at org.apache.solr.common.util.ExecutorUtil$MDCAwareThreadPoolExecutor$1.run(ExecutorUtil.java:148)
	at java.util.concurrent.ThreadPoolExecutor.runWorker(ThreadPoolExecutor.java:1142)
	at java.util.concurrent.ThreadPoolExecutor$Worker.run(ThreadPoolExecutor.java:617)
	at java.lang.Thread.run(Thread.java:745)
Caused by: java.net.ConnectException: Connection refused
	at java.net.PlainSocketImpl.socketConnect(Native Method)
	at java.net.AbstractPlainSocketImpl.doConnect(AbstractPlainSocketImpl.java:345)
	at java.net.AbstractPlainSocketImpl.connectToAddress(AbstractPlainSocketImpl.java:206)
	at java.net.AbstractPlainSocketImpl.connect(AbstractPlainSocketImpl.java:188)
	at java.net.SocksSocketImpl.connect(SocksSocketImpl.java:392)
	at java.net.Socket.connect(Socket.java:589)
	at org.apache.http.conn.scheme.PlainSocketFactory.connectSocket(PlainSocketFactory.java:117)
	at org.apache.http.impl.conn.DefaultClientConnectionOperator.openConnection(DefaultClientConnectionOperator.java:177)
	at org.apache.http.impl.conn.ManagedClientConnectionImpl.open(ManagedClientConnectionImpl.java:304)
	at org.apache.http.impl.client.DefaultRequestDirector.tryConnect(DefaultRequestDirector.java:611)
	at org.apache.http.impl.client.DefaultRequestDirector.execute(DefaultRequestDirector.java:446)
	at org.apache.http.impl.client.AbstractHttpClient.doExecute(AbstractHttpClient.java:882)
	at org.apache.http.impl.client.CloseableHttpClient.execute(CloseableHttpClient.java:82)
	at org.apache.http.impl.client.CloseableHttpClient.execute(CloseableHttpClient.java:107)
	at org.apache.http.impl.client.CloseableHttpClient.execute(CloseableHttpClient.java:55)
	at org.apache.solr.client.solrj.impl.HttpSolrClient.executeMethod(HttpSolrClient.java:466)
	... 7 more

ERROR - 2015-08-30 19:27:11.912; [gettingstarted shard2  ] org.apache.solr.cloud.RecoveryStrategy; Recovery failed - trying again... (21) core=gettingstarted_shard2_replica2
INFO  - 2015-08-30 19:27:11.913; [gettingstarted shard2  ] org.apache.solr.cloud.RecoveryStrategy; Wait 60.0 seconds before trying to recover again (22)
ERROR - 2015-08-30 19:27:12.937; [gettingstarted shard1  ] org.apache.solr.common.SolrException; Error while trying to recover. core=gettingstarted_shard1_replica2:java.util.concurrent.ExecutionException: org.apache.solr.client.solrj.SolrServerException: Server refused connection at: http://192.168.2.243:8983/solr
	at java.util.concurrent.FutureTask.report(FutureTask.java:122)
	at java.util.concurrent.FutureTask.get(FutureTask.java:192)
	at org.apache.solr.cloud.RecoveryStrategy.sendPrepRecoveryCmd(RecoveryStrategy.java:601)
	at org.apache.solr.cloud.RecoveryStrategy.doRecovery(RecoveryStrategy.java:364)
	at org.apache.solr.cloud.RecoveryStrategy.run(RecoveryStrategy.java:229)
Caused by: org.apache.solr.client.solrj.SolrServerException: Server refused connection at: http://192.168.2.243:8983/solr
	at org.apache.solr.client.solrj.impl.HttpSolrClient.executeMethod(HttpSolrClient.java:567)
	at org.apache.solr.client.solrj.impl.HttpSolrClient$1.call(HttpSolrClient.java:271)
	at org.apache.solr.client.solrj.impl.HttpSolrClient$1.call(HttpSolrClient.java:267)
	at java.util.concurrent.FutureTask.run(FutureTask.java:266)
	at org.apache.solr.common.util.ExecutorUtil$MDCAwareThreadPoolExecutor$1.run(ExecutorUtil.java:148)
	at java.util.concurrent.ThreadPoolExecutor.runWorker(ThreadPoolExecutor.java:1142)
	at java.util.concurrent.ThreadPoolExecutor$Worker.run(ThreadPoolExecutor.java:617)
	at java.lang.Thread.run(Thread.java:745)
Caused by: java.net.ConnectException: Connection refused
	at java.net.PlainSocketImpl.socketConnect(Native Method)
	at java.net.AbstractPlainSocketImpl.doConnect(AbstractPlainSocketImpl.java:345)
	at java.net.AbstractPlainSocketImpl.connectToAddress(AbstractPlainSocketImpl.java:206)
	at java.net.AbstractPlainSocketImpl.connect(AbstractPlainSocketImpl.java:188)
	at java.net.SocksSocketImpl.connect(SocksSocketImpl.java:392)
	at java.net.Socket.connect(Socket.java:589)
	at org.apache.http.conn.scheme.PlainSocketFactory.connectSocket(PlainSocketFactory.java:117)
	at org.apache.http.impl.conn.DefaultClientConnectionOperator.openConnection(DefaultClientConnectionOperator.java:177)
	at org.apache.http.impl.conn.ManagedClientConnectionImpl.open(ManagedClientConnectionImpl.java:304)
	at org.apache.http.impl.client.DefaultRequestDirector.tryConnect(DefaultRequestDirector.java:611)
	at org.apache.http.impl.client.DefaultRequestDirector.execute(DefaultRequestDirector.java:446)
	at org.apache.http.impl.client.AbstractHttpClient.doExecute(AbstractHttpClient.java:882)
	at org.apache.http.impl.client.CloseableHttpClient.execute(CloseableHttpClient.java:82)
	at org.apache.http.impl.client.CloseableHttpClient.execute(CloseableHttpClient.java:107)
	at org.apache.http.impl.client.CloseableHttpClient.execute(CloseableHttpClient.java:55)
	at org.apache.solr.client.solrj.impl.HttpSolrClient.executeMethod(HttpSolrClient.java:466)
	... 7 more

ERROR - 2015-08-30 19:27:12.941; [gettingstarted shard1  ] org.apache.solr.cloud.RecoveryStrategy; Recovery failed - trying again... (21) core=gettingstarted_shard1_replica2
INFO  - 2015-08-30 19:27:12.941; [gettingstarted shard1  ] org.apache.solr.cloud.RecoveryStrategy; Wait 60.0 seconds before trying to recover again (22)
